[INFO ] 02:49:07.553 c.s.scope.ScopeApplication - Starting ScopeApplication using Java 11.0.12 on DESKTOP-KM861HJ with PID 12676 (C:\Users\9sanh\Documents\GitHub\Scope_BackEnd\build\classes\java\main started by 9sanh in C:\Users\9sanh\Documents\GitHub\Scope_BackEnd)
[INFO ] 02:49:07.555 c.s.scope.ScopeApplication - The following profiles are active: real1
[INFO ] 02:49:08.666 o.s.d.r.c.RepositoryConfigurationDelegate - Bootstrapping Spring Data JPA repositories in DEFAULT mode.
[INFO ] 02:49:08.746 o.s.d.r.c.RepositoryConfigurationDelegate - Finished Spring Data repository scanning in 74 ms. Found 7 JPA repository interfaces.
[INFO ] 02:49:08.966 c.u.j.c.EnableEncryptablePropertiesBeanFactoryPostProcessor - Post-processing PropertySource instances
[INFO ] 02:49:08.967 c.u.j.EncryptablePropertySourceConverter - Skipping PropertySource configurationProperties [class org.springframework.boot.context.properties.source.ConfigurationPropertySourcesPropertySource
[INFO ] 02:49:08.968 c.u.j.EncryptablePropertySourceConverter - Skipping PropertySource servletConfigInitParams [class org.springframework.core.env.PropertySource$StubPropertySource
[INFO ] 02:49:08.968 c.u.j.EncryptablePropertySourceConverter - Skipping PropertySource servletContextInitParams [class org.springframework.core.env.PropertySource$StubPropertySource
[INFO ] 02:49:08.969 c.u.j.EncryptablePropertySourceConverter - Converting PropertySource systemProperties [org.springframework.core.env.PropertiesPropertySource] to EncryptableMapPropertySourceWrapper
[INFO ] 02:49:08.970 c.u.j.EncryptablePropertySourceConverter - Converting PropertySource systemEnvironment [org.springframework.boot.env.SystemEnvironmentPropertySourceEnvironmentPostProcessor$OriginAwareSystemEnvironmentPropertySource] to EncryptableSystemEnvironmentPropertySourceWrapper
[INFO ] 02:49:08.970 c.u.j.EncryptablePropertySourceConverter - Converting PropertySource random [org.springframework.boot.env.RandomValuePropertySource] to EncryptablePropertySourceWrapper
[INFO ] 02:49:08.970 c.u.j.EncryptablePropertySourceConverter - Converting PropertySource Config resource 'class path resource [application-real1.properties]' via location 'optional:classpath:/' [org.springframework.boot.env.OriginTrackedMapPropertySource] to EncryptableMapPropertySourceWrapper
[INFO ] 02:49:08.970 c.u.j.EncryptablePropertySourceConverter - Converting PropertySource Config resource 'class path resource [application.properties]' via location 'optional:classpath:/' [org.springframework.boot.env.OriginTrackedMapPropertySource] to EncryptableMapPropertySourceWrapper
[INFO ] 02:49:09.125 o.s.c.s.PostProcessorRegistrationDelegate$BeanPostProcessorChecker - Bean 'org.springframework.security.access.expression.method.DefaultMethodSecurityExpressionHandler@68dd39d2' of type [org.springframework.security.access.expression.method.DefaultMethodSecurityExpressionHandler] is not eligible for getting processed by all BeanPostProcessors (for example: not eligible for auto-proxying)
[INFO ] 02:49:09.132 o.s.c.s.PostProcessorRegistrationDelegate$BeanPostProcessorChecker - Bean 'methodSecurityMetadataSource' of type [org.springframework.security.access.method.DelegatingMethodSecurityMetadataSource] is not eligible for getting processed by all BeanPostProcessors (for example: not eligible for auto-proxying)
[INFO ] 02:49:09.208 c.u.j.f.DefaultLazyPropertyFilter - Property Filter custom Bean not found with name 'encryptablePropertyFilter'. Initializing Default Property Filter
[INFO ] 02:49:09.216 c.u.j.r.DefaultLazyPropertyResolver - Property Resolver custom Bean not found with name 'encryptablePropertyResolver'. Initializing Default Property Resolver
[INFO ] 02:49:09.217 c.u.j.d.DefaultLazyPropertyDetector - Property Detector custom Bean not found with name 'encryptablePropertyDetector'. Initializing Default Property Detector
[INFO ] 02:49:09.371 o.s.b.w.e.tomcat.TomcatWebServer - Tomcat initialized with port(s): 8081 (http)
[INFO ] 02:49:09.380 o.a.coyote.http11.Http11NioProtocol - Initializing ProtocolHandler ["http-nio-8081"]
[INFO ] 02:49:09.380 o.a.catalina.core.StandardService - Starting service [Tomcat]
[INFO ] 02:49:09.380 o.a.catalina.core.StandardEngine - Starting Servlet engine: [Apache Tomcat/9.0.54]
[INFO ] 02:49:09.476 o.a.c.c.C.[Tomcat].[localhost].[/] - Initializing Spring embedded WebApplicationContext
[INFO ] 02:49:09.476 o.s.b.w.s.c.ServletWebServerApplicationContext - Root WebApplicationContext: initialization completed in 1882 ms
[INFO ] 02:49:09.538 c.u.j.encryptor.DefaultLazyEncryptor - Found Custom Encryptor Bean org.jasypt.encryption.pbe.PooledPBEStringEncryptor@4a6c0f38 with name: jasyptStringEncryptor
[INFO ] 02:49:09.681 o.h.jpa.internal.util.LogHelper - HHH000204: Processing PersistenceUnitInfo [name: default]
[INFO ] 02:49:09.724 org.hibernate.Version - HHH000412: Hibernate ORM core version 5.4.32.Final
[INFO ] 02:49:09.834 o.h.annotations.common.Version - HCANN000001: Hibernate Commons Annotations {5.1.2.Final}
[INFO ] 02:49:09.913 com.zaxxer.hikari.HikariDataSource - HikariPool-1 - Starting...
[INFO ] 02:49:10.270 com.zaxxer.hikari.HikariDataSource - HikariPool-1 - Start completed.
[INFO ] 02:49:10.288 org.hibernate.dialect.Dialect - HHH000400: Using dialect: org.hibernate.dialect.MySQL8Dialect
[INFO ] 02:49:11.154 o.h.e.t.j.p.i.JtaPlatformInitiator - HHH000490: Using JtaPlatform implementation: [org.hibernate.engine.transaction.jta.platform.internal.NoJtaPlatform]
[INFO ] 02:49:11.163 o.s.o.j.LocalContainerEntityManagerFactoryBean - Initialized JPA EntityManagerFactory for persistence unit 'default'
[WARN ] 02:49:11.523 o.s.b.a.o.j.JpaBaseConfiguration$JpaWebConfiguration - spring.jpa.open-in-view is enabled by default. Therefore, database queries may be performed during view rendering. Explicitly configure spring.jpa.open-in-view to disable this warning
[INFO ] 02:49:11.949 o.s.s.web.DefaultSecurityFilterChain - Will secure Ant [pattern='/h2-console/**'] with []
[INFO ] 02:49:12.252 o.s.s.web.DefaultSecurityFilterChain - Will secure any request with [org.springframework.security.web.context.request.async.WebAsyncManagerIntegrationFilter@510e0dd2, org.springframework.security.web.context.SecurityContextPersistenceFilter@5692863, org.springframework.security.web.header.HeaderWriterFilter@3203a4ae, org.springframework.web.filter.CorsFilter@54a98358, org.springframework.security.web.authentication.logout.LogoutFilter@711fbcef, org.springframework.security.web.savedrequest.RequestCacheAwareFilter@52a8f789, org.springframework.security.web.servletapi.SecurityContextHolderAwareRequestFilter@511ad0dd, org.springframework.security.web.authentication.AnonymousAuthenticationFilter@1f7853af, org.springframework.security.web.session.SessionManagementFilter@471d6571, org.springframework.security.web.access.ExceptionTranslationFilter@1067bc4c, org.springframework.security.web.access.intercept.FilterSecurityInterceptor@6f51d1cc]
[INFO ] 02:49:12.496 o.a.coyote.http11.Http11NioProtocol - Starting ProtocolHandler ["http-nio-8081"]
[INFO ] 02:49:12.511 o.s.b.w.e.tomcat.TomcatWebServer - Tomcat started on port(s): 8081 (http) with context path ''
[INFO ] 02:49:12.512 c.u.j.c.RefreshScopeRefreshedEventListener - Refreshing cached encryptable property sources on ServletWebServerInitializedEvent
[INFO ] 02:49:12.513 c.u.j.c.CachingDelegateEncryptablePropertySource - Property Source systemProperties refreshed
[INFO ] 02:49:12.513 c.u.j.c.CachingDelegateEncryptablePropertySource - Property Source systemEnvironment refreshed
[INFO ] 02:49:12.513 c.u.j.c.CachingDelegateEncryptablePropertySource - Property Source random refreshed
[INFO ] 02:49:12.513 c.u.j.c.CachingDelegateEncryptablePropertySource - Property Source Config resource 'class path resource [application-real1.properties]' via location 'optional:classpath:/' refreshed
[INFO ] 02:49:12.513 c.u.j.c.CachingDelegateEncryptablePropertySource - Property Source Config resource 'class path resource [application.properties]' via location 'optional:classpath:/' refreshed
[INFO ] 02:49:12.513 c.u.j.EncryptablePropertySourceConverter - Converting PropertySource server.ports [org.springframework.core.env.MapPropertySource] to EncryptableMapPropertySourceWrapper
[INFO ] 02:49:12.513 c.u.j.EncryptablePropertySourceConverter - Skipping PropertySource configurationProperties [class org.springframework.boot.context.properties.source.ConfigurationPropertySourcesPropertySource
[INFO ] 02:49:12.513 c.u.j.EncryptablePropertySourceConverter - Skipping PropertySource servletConfigInitParams [class org.springframework.core.env.PropertySource$StubPropertySource
[INFO ] 02:49:12.514 c.u.j.EncryptablePropertySourceConverter - Converting PropertySource servletContextInitParams [org.springframework.web.context.support.ServletContextPropertySource] to EncryptableEnumerablePropertySourceWrapper
[INFO ] 02:49:12.521 c.s.scope.ScopeApplication - Started ScopeApplication in 5.371 seconds (JVM running for 6.133)
[INFO ] 02:49:15.008 c.s.scope.util.AspectTime - WorkTime : 2483.5551 ms
[INFO ] 02:52:57.170 o.a.c.c.C.[Tomcat].[localhost].[/] - Initializing Spring DispatcherServlet 'dispatcherServlet'
[INFO ] 02:52:57.171 o.s.web.servlet.DispatcherServlet - Initializing Servlet 'dispatcherServlet'
[INFO ] 02:52:57.172 o.s.web.servlet.DispatcherServlet - Completed initialization in 1 ms
[INFO ] 02:52:57.208 c.s.s.s.JwtAuthenticationFilter - ====================token=================
[INFO ] 02:52:57.208 c.s.s.s.JwtAuthenticationFilter - [d70276c8-8daa-403a-a814-31fc3c60f11e] token=null
[INFO ] 02:52:57.208 c.s.s.s.JwtAuthenticationFilter - ====================token=================
[INFO ] 02:52:57.233 c.s.s.s.JwtAuthenticationFilter - ====================token=================
[INFO ] 02:52:57.234 c.s.s.s.JwtAuthenticationFilter - [83f33059-ec38-492d-a96c-8bc5e6062cc3] token=null
[INFO ] 02:52:57.234 c.s.s.s.JwtAuthenticationFilter - ====================token=================
[INFO ] 02:52:57.236 c.s.s.s.JwtAuthenticationFilter - ====================token=================
[INFO ] 02:52:57.236 c.s.s.s.JwtAuthenticationFilter - [c66efab6-91fd-4003-87ec-45bc9bb7b7fe] token=null
[INFO ] 02:52:57.236 c.s.s.s.JwtAuthenticationFilter - ====================token=================
[INFO ] 02:52:57.241 c.s.s.s.JwtAuthenticationFilter - ====================token=================
[INFO ] 02:52:57.241 c.s.s.s.JwtAuthenticationFilter - [6dd6f6c6-7aa8-48b0-8e62-34ee6a11d706] token=null
[INFO ] 02:52:57.241 c.s.s.s.JwtAuthenticationFilter - ====================token=================
[INFO ] 02:52:57.364 c.s.s.s.JwtAuthenticationFilter - ====================token=================
[INFO ] 02:52:57.365 c.s.s.s.JwtAuthenticationFilter - [a3cb9864-a919-4122-ab97-2535f8b9e53d] token=null
[INFO ] 02:52:57.365 c.s.s.s.JwtAuthenticationFilter - ====================token=================
[INFO ] 02:52:57.368 c.s.s.s.JwtAuthenticationFilter - ====================token=================
[INFO ] 02:52:57.368 c.s.s.s.JwtAuthenticationFilter - [c9c32592-3657-42a7-a665-76f94955b27c] token=null
[INFO ] 02:52:57.368 c.s.s.s.JwtAuthenticationFilter - ====================token=================
[INFO ] 02:52:57.632 o.s.api.AbstractOpenApiResource - Init duration for springdoc-openapi is: 243 ms
[INFO ] 02:52:57.656 c.s.s.s.JwtAuthenticationFilter - ====================token=================
[INFO ] 02:52:57.656 c.s.s.s.JwtAuthenticationFilter - [ccf0eed9-c5f4-4429-a1ee-39fc43ef790f] token=null
[INFO ] 02:52:57.656 c.s.s.s.JwtAuthenticationFilter - ====================token=================
[INFO ] 02:52:57.662 c.s.s.s.JwtAuthenticationFilter - ====================token=================
[INFO ] 02:52:57.663 c.s.s.s.JwtAuthenticationFilter - [827b616a-5784-4998-8caa-05618cbcb4eb] token=null
[INFO ] 02:52:57.663 c.s.s.s.JwtAuthenticationFilter - ====================token=================
[INFO ] 02:55:22.694 c.s.s.e.RestApiExceptionHandler - !!!Runtime Error, [3ae6403a-3f3f-43d9-b76c-2deecd9d4ef3], message=Required request body is missing: public com.studycollaboproject.scope.dto.ResponseDto com.studycollaboproject.scope.controller.ApiTestRestController.saveAssessment(java.lang.String,java.lang.String,java.lang.Long)
[INFO ] 02:55:22.697 c.s.s.s.JwtAuthenticationFilter - ====================token=================
[INFO ] 02:55:22.697 c.s.s.s.JwtAuthenticationFilter - [3ae6403a-3f3f-43d9-b76c-2deecd9d4ef3] token=null
[INFO ] 02:55:22.697 c.s.s.s.JwtAuthenticationFilter - ====================token=================
[INFO ] 02:55:51.858 c.s.s.e.RestApiExceptionHandler - !!!Runtime Error, [c4e9f5ea-629e-4c99-9ba5-6f96680f2ec3], message=Required request body is missing: public com.studycollaboproject.scope.dto.ResponseDto com.studycollaboproject.scope.controller.ApiTestRestController.saveAssessment(java.lang.String,java.lang.String,java.lang.Long)
[INFO ] 02:55:51.859 c.s.s.s.JwtAuthenticationFilter - ====================token=================
[INFO ] 02:55:51.860 c.s.s.s.JwtAuthenticationFilter - [c4e9f5ea-629e-4c99-9ba5-6f96680f2ec3] token=null
[INFO ] 02:55:51.860 c.s.s.s.JwtAuthenticationFilter - ====================token=================
[INFO ] 02:56:18.967 c.s.s.e.RestApiExceptionHandler - !!!Runtime Error, [7b2b9a0e-7a1d-4c2a-b2f8-23387ca6bfe9], message=Required request body is missing: public com.studycollaboproject.scope.dto.ResponseDto com.studycollaboproject.scope.controller.ApiTestRestController.saveAssessment(java.lang.String,java.lang.String,java.lang.Long)
[INFO ] 02:56:18.968 c.s.s.s.JwtAuthenticationFilter - ====================token=================
[INFO ] 02:56:18.968 c.s.s.s.JwtAuthenticationFilter - [7b2b9a0e-7a1d-4c2a-b2f8-23387ca6bfe9] token=null
[INFO ] 02:56:18.968 c.s.s.s.JwtAuthenticationFilter - ====================token=================
[INFO ] 02:56:24.483 c.s.s.e.RestApiExceptionHandler - !!!Runtime Error, [7cb9411c-77c8-4ed5-99d7-bbdff4672ed8], message=Required request body is missing: public com.studycollaboproject.scope.dto.ResponseDto com.studycollaboproject.scope.controller.ApiTestRestController.saveAssessment(java.lang.String,java.lang.String,java.lang.Long)
[INFO ] 02:56:24.484 c.s.s.s.JwtAuthenticationFilter - ====================token=================
[INFO ] 02:56:24.484 c.s.s.s.JwtAuthenticationFilter - [7cb9411c-77c8-4ed5-99d7-bbdff4672ed8] token=null
[INFO ] 02:56:24.484 c.s.s.s.JwtAuthenticationFilter - ====================token=================
[INFO ] 02:57:25.456 c.s.s.e.RestApiExceptionHandler - !!!Runtime Error, [d2d2899c-f057-4556-97f1-ced471fa06b2], message=Required request body is missing: public com.studycollaboproject.scope.dto.ResponseDto com.studycollaboproject.scope.controller.ApiTestRestController.saveAssessment(java.lang.String,java.lang.String,java.lang.Long)
[INFO ] 02:57:25.457 c.s.s.s.JwtAuthenticationFilter - ====================token=================
[INFO ] 02:57:25.457 c.s.s.s.JwtAuthenticationFilter - [d2d2899c-f057-4556-97f1-ced471fa06b2] token=null
[INFO ] 02:57:25.457 c.s.s.s.JwtAuthenticationFilter - ====================token=================
[INFO ] 02:58:18.679 o.s.o.j.LocalContainerEntityManagerFactoryBean - Closing JPA EntityManagerFactory for persistence unit 'default'
[INFO ] 02:58:18.680 com.zaxxer.hikari.HikariDataSource - HikariPool-1 - Shutdown initiated...
[INFO ] 02:58:18.733 com.zaxxer.hikari.HikariDataSource - HikariPool-1 - Shutdown completed.
[INFO ] 02:59:27.458 c.s.scope.ScopeApplication - Starting ScopeApplication using Java 11.0.12 on DESKTOP-KM861HJ with PID 10540 (C:\Users\9sanh\Documents\GitHub\Scope_BackEnd\build\classes\java\main started by 9sanh in C:\Users\9sanh\Documents\GitHub\Scope_BackEnd)
[INFO ] 02:59:27.460 c.s.scope.ScopeApplication - The following profiles are active: real1
[INFO ] 02:59:28.066 o.s.d.r.c.RepositoryConfigurationDelegate - Bootstrapping Spring Data JPA repositories in DEFAULT mode.
[INFO ] 02:59:28.135 o.s.d.r.c.RepositoryConfigurationDelegate - Finished Spring Data repository scanning in 64 ms. Found 7 JPA repository interfaces.
[INFO ] 02:59:28.329 c.u.j.c.EnableEncryptablePropertiesBeanFactoryPostProcessor - Post-processing PropertySource instances
[INFO ] 02:59:28.330 c.u.j.EncryptablePropertySourceConverter - Skipping PropertySource configurationProperties [class org.springframework.boot.context.properties.source.ConfigurationPropertySourcesPropertySource
[INFO ] 02:59:28.331 c.u.j.EncryptablePropertySourceConverter - Skipping PropertySource servletConfigInitParams [class org.springframework.core.env.PropertySource$StubPropertySource
[INFO ] 02:59:28.331 c.u.j.EncryptablePropertySourceConverter - Skipping PropertySource servletContextInitParams [class org.springframework.core.env.PropertySource$StubPropertySource
[INFO ] 02:59:28.331 c.u.j.EncryptablePropertySourceConverter - Converting PropertySource systemProperties [org.springframework.core.env.PropertiesPropertySource] to EncryptableMapPropertySourceWrapper
[INFO ] 02:59:28.332 c.u.j.EncryptablePropertySourceConverter - Converting PropertySource systemEnvironment [org.springframework.boot.env.SystemEnvironmentPropertySourceEnvironmentPostProcessor$OriginAwareSystemEnvironmentPropertySource] to EncryptableSystemEnvironmentPropertySourceWrapper
[INFO ] 02:59:28.332 c.u.j.EncryptablePropertySourceConverter - Converting PropertySource random [org.springframework.boot.env.RandomValuePropertySource] to EncryptablePropertySourceWrapper
[INFO ] 02:59:28.332 c.u.j.EncryptablePropertySourceConverter - Converting PropertySource Config resource 'class path resource [application-real1.properties]' via location 'optional:classpath:/' [org.springframework.boot.env.OriginTrackedMapPropertySource] to EncryptableMapPropertySourceWrapper
[INFO ] 02:59:28.332 c.u.j.EncryptablePropertySourceConverter - Converting PropertySource Config resource 'class path resource [application.properties]' via location 'optional:classpath:/' [org.springframework.boot.env.OriginTrackedMapPropertySource] to EncryptableMapPropertySourceWrapper
[INFO ] 02:59:28.453 o.s.c.s.PostProcessorRegistrationDelegate$BeanPostProcessorChecker - Bean 'org.springframework.security.access.expression.method.DefaultMethodSecurityExpressionHandler@3a3ed300' of type [org.springframework.security.access.expression.method.DefaultMethodSecurityExpressionHandler] is not eligible for getting processed by all BeanPostProcessors (for example: not eligible for auto-proxying)
[INFO ] 02:59:28.459 o.s.c.s.PostProcessorRegistrationDelegate$BeanPostProcessorChecker - Bean 'methodSecurityMetadataSource' of type [org.springframework.security.access.method.DelegatingMethodSecurityMetadataSource] is not eligible for getting processed by all BeanPostProcessors (for example: not eligible for auto-proxying)
[INFO ] 02:59:28.516 c.u.j.f.DefaultLazyPropertyFilter - Property Filter custom Bean not found with name 'encryptablePropertyFilter'. Initializing Default Property Filter
[INFO ] 02:59:28.522 c.u.j.r.DefaultLazyPropertyResolver - Property Resolver custom Bean not found with name 'encryptablePropertyResolver'. Initializing Default Property Resolver
[INFO ] 02:59:28.523 c.u.j.d.DefaultLazyPropertyDetector - Property Detector custom Bean not found with name 'encryptablePropertyDetector'. Initializing Default Property Detector
[INFO ] 02:59:28.656 o.s.b.w.e.tomcat.TomcatWebServer - Tomcat initialized with port(s): 8081 (http)
[INFO ] 02:59:28.663 o.a.coyote.http11.Http11NioProtocol - Initializing ProtocolHandler ["http-nio-8081"]
[INFO ] 02:59:28.663 o.a.catalina.core.StandardService - Starting service [Tomcat]
[INFO ] 02:59:28.663 o.a.catalina.core.StandardEngine - Starting Servlet engine: [Apache Tomcat/9.0.54]
[INFO ] 02:59:28.751 o.a.c.c.C.[Tomcat].[localhost].[/] - Initializing Spring embedded WebApplicationContext
[INFO ] 02:59:28.751 o.s.b.w.s.c.ServletWebServerApplicationContext - Root WebApplicationContext: initialization completed in 1260 ms
[INFO ] 02:59:28.812 c.u.j.encryptor.DefaultLazyEncryptor - Found Custom Encryptor Bean org.jasypt.encryption.pbe.PooledPBEStringEncryptor@1129829c with name: jasyptStringEncryptor
[INFO ] 02:59:28.945 o.h.jpa.internal.util.LogHelper - HHH000204: Processing PersistenceUnitInfo [name: default]
[INFO ] 02:59:28.977 org.hibernate.Version - HHH000412: Hibernate ORM core version 5.4.32.Final
[INFO ] 02:59:29.061 o.h.annotations.common.Version - HCANN000001: Hibernate Commons Annotations {5.1.2.Final}
[INFO ] 02:59:29.129 com.zaxxer.hikari.HikariDataSource - HikariPool-1 - Starting...
[INFO ] 02:59:29.399 com.zaxxer.hikari.HikariDataSource - HikariPool-1 - Start completed.
[INFO ] 02:59:29.413 org.hibernate.dialect.Dialect - HHH000400: Using dialect: org.hibernate.dialect.MySQL8Dialect
[INFO ] 02:59:30.253 o.h.e.t.j.p.i.JtaPlatformInitiator - HHH000490: Using JtaPlatform implementation: [org.hibernate.engine.transaction.jta.platform.internal.NoJtaPlatform]
[INFO ] 02:59:30.262 o.s.o.j.LocalContainerEntityManagerFactoryBean - Initialized JPA EntityManagerFactory for persistence unit 'default'
[WARN ] 02:59:30.606 o.s.b.a.o.j.JpaBaseConfiguration$JpaWebConfiguration - spring.jpa.open-in-view is enabled by default. Therefore, database queries may be performed during view rendering. Explicitly configure spring.jpa.open-in-view to disable this warning
[INFO ] 02:59:31.013 o.s.s.web.DefaultSecurityFilterChain - Will secure Ant [pattern='/h2-console/**'] with []
[INFO ] 02:59:31.331 o.s.s.web.DefaultSecurityFilterChain - Will secure any request with [org.springframework.security.web.context.request.async.WebAsyncManagerIntegrationFilter@62fa4a88, org.springframework.security.web.context.SecurityContextPersistenceFilter@70fe33fa, org.springframework.security.web.header.HeaderWriterFilter@74130456, org.springframework.web.filter.CorsFilter@4b6942a0, org.springframework.security.web.authentication.logout.LogoutFilter@7866ffa, org.springframework.security.web.savedrequest.RequestCacheAwareFilter@5d10e2b6, org.springframework.security.web.servletapi.SecurityContextHolderAwareRequestFilter@22e650e, org.springframework.security.web.authentication.AnonymousAuthenticationFilter@64641998, org.springframework.security.web.session.SessionManagementFilter@7d28efd5, org.springframework.security.web.access.ExceptionTranslationFilter@65b07b9, org.springframework.security.web.access.intercept.FilterSecurityInterceptor@48b1b469]
[INFO ] 02:59:31.563 o.a.coyote.http11.Http11NioProtocol - Starting ProtocolHandler ["http-nio-8081"]
[INFO ] 02:59:31.578 o.s.b.w.e.tomcat.TomcatWebServer - Tomcat started on port(s): 8081 (http) with context path ''
[INFO ] 02:59:31.580 c.u.j.c.RefreshScopeRefreshedEventListener - Refreshing cached encryptable property sources on ServletWebServerInitializedEvent
[INFO ] 02:59:31.580 c.u.j.c.CachingDelegateEncryptablePropertySource - Property Source systemProperties refreshed
[INFO ] 02:59:31.580 c.u.j.c.CachingDelegateEncryptablePropertySource - Property Source systemEnvironment refreshed
[INFO ] 02:59:31.580 c.u.j.c.CachingDelegateEncryptablePropertySource - Property Source random refreshed
[INFO ] 02:59:31.580 c.u.j.c.CachingDelegateEncryptablePropertySource - Property Source Config resource 'class path resource [application-real1.properties]' via location 'optional:classpath:/' refreshed
[INFO ] 02:59:31.580 c.u.j.c.CachingDelegateEncryptablePropertySource - Property Source Config resource 'class path resource [application.properties]' via location 'optional:classpath:/' refreshed
[INFO ] 02:59:31.581 c.u.j.EncryptablePropertySourceConverter - Converting PropertySource server.ports [org.springframework.core.env.MapPropertySource] to EncryptableMapPropertySourceWrapper
[INFO ] 02:59:31.581 c.u.j.EncryptablePropertySourceConverter - Skipping PropertySource configurationProperties [class org.springframework.boot.context.properties.source.ConfigurationPropertySourcesPropertySource
[INFO ] 02:59:31.581 c.u.j.EncryptablePropertySourceConverter - Skipping PropertySource servletConfigInitParams [class org.springframework.core.env.PropertySource$StubPropertySource
[INFO ] 02:59:31.581 c.u.j.EncryptablePropertySourceConverter - Converting PropertySource servletContextInitParams [org.springframework.web.context.support.ServletContextPropertySource] to EncryptableEnumerablePropertySourceWrapper
[INFO ] 02:59:31.588 c.s.scope.ScopeApplication - Started ScopeApplication in 4.415 seconds (JVM running for 5.292)
[INFO ] 02:59:35.952 o.a.c.c.C.[Tomcat].[localhost].[/] - Initializing Spring DispatcherServlet 'dispatcherServlet'
[INFO ] 02:59:35.952 o.s.web.servlet.DispatcherServlet - Initializing Servlet 'dispatcherServlet'
[INFO ] 02:59:35.953 o.s.web.servlet.DispatcherServlet - Completed initialization in 1 ms
[INFO ] 02:59:35.987 c.s.s.s.JwtAuthenticationFilter - ====================token=================
[INFO ] 02:59:35.987 c.s.s.s.JwtAuthenticationFilter - [64e70317-72cc-4968-a3a8-91be6751a9b9] token=null
[INFO ] 02:59:35.987 c.s.s.s.JwtAuthenticationFilter - ====================token=================
[INFO ] 02:59:36.020 c.s.s.s.JwtAuthenticationFilter - ====================token=================
[INFO ] 02:59:36.020 c.s.s.s.JwtAuthenticationFilter - [ccaf6904-3699-410d-8dc2-9e177cea6d73] token=null
[INFO ] 02:59:36.020 c.s.s.s.JwtAuthenticationFilter - ====================token=================
[INFO ] 02:59:36.023 c.s.s.s.JwtAuthenticationFilter - ====================token=================
[INFO ] 02:59:36.023 c.s.s.s.JwtAuthenticationFilter - [d07b8c1b-a0b1-47f5-be10-2aaab6036bbe] token=null
[INFO ] 02:59:36.023 c.s.s.s.JwtAuthenticationFilter - ====================token=================
[INFO ] 02:59:36.030 c.s.s.s.JwtAuthenticationFilter - ====================token=================
[INFO ] 02:59:36.030 c.s.s.s.JwtAuthenticationFilter - [03752bf1-37d0-4433-aa55-035f09c605a6] token=null
[INFO ] 02:59:36.030 c.s.s.s.JwtAuthenticationFilter - ====================token=================
[INFO ] 02:59:36.133 c.s.s.s.JwtAuthenticationFilter - ====================token=================
[INFO ] 02:59:36.133 c.s.s.s.JwtAuthenticationFilter - [6291b8e6-9fa3-46a8-8244-f4db8806e721] token=null
[INFO ] 02:59:36.133 c.s.s.s.JwtAuthenticationFilter - ====================token=================
[INFO ] 02:59:36.159 c.s.s.s.JwtAuthenticationFilter - ====================token=================
[INFO ] 02:59:36.160 c.s.s.s.JwtAuthenticationFilter - [57c023ea-7dfd-4d93-a5bb-a51f030c0b86] token=null
[INFO ] 02:59:36.160 c.s.s.s.JwtAuthenticationFilter - ====================token=================
[INFO ] 02:59:36.162 c.s.s.s.JwtAuthenticationFilter - ====================token=================
[INFO ] 02:59:36.162 c.s.s.s.JwtAuthenticationFilter - [4081b847-7d62-482a-b00f-e25356faa47a] token=null
[INFO ] 02:59:36.162 c.s.s.s.JwtAuthenticationFilter - ====================token=================
[INFO ] 02:59:36.434 o.s.api.AbstractOpenApiResource - Init duration for springdoc-openapi is: 248 ms
[INFO ] 02:59:36.462 c.s.s.s.JwtAuthenticationFilter - ====================token=================
[INFO ] 02:59:36.462 c.s.s.s.JwtAuthenticationFilter - [5d40af72-0fe1-402f-8051-b5912702de87] token=null
[INFO ] 02:59:36.462 c.s.s.s.JwtAuthenticationFilter - ====================token=================
[INFO ] 02:59:36.469 c.s.s.s.JwtAuthenticationFilter - ====================token=================
[INFO ] 02:59:36.469 c.s.s.s.JwtAuthenticationFilter - [2c908aec-982c-4dfb-adfd-ebb1d59364b2] token=null
[INFO ] 02:59:36.469 c.s.s.s.JwtAuthenticationFilter - ====================token=================
[INFO ] 02:59:53.053 c.s.s.e.RestApiExceptionHandler - !!!Runtime Error, [0856fd23-83f4-4372-b587-57a34f71f7cb], message=Required request body is missing: public com.studycollaboproject.scope.dto.ResponseDto com.studycollaboproject.scope.controller.ApiTestRestController.saveAssessment(java.lang.String,java.lang.String,java.lang.Long)
[INFO ] 02:59:53.056 c.s.s.s.JwtAuthenticationFilter - ====================token=================
[INFO ] 02:59:53.056 c.s.s.s.JwtAuthenticationFilter - [0856fd23-83f4-4372-b587-57a34f71f7cb] token=null
[INFO ] 02:59:53.056 c.s.s.s.JwtAuthenticationFilter - ====================token=================
[INFO ] 03:07:35.060 c.s.s.s.JwtAuthenticationFilter - ====================token=================
[INFO ] 03:07:35.060 c.s.s.s.JwtAuthenticationFilter - [1a0a73b3-2398-48f2-9ba1-3bdf2ef8cf2e] token=null
[INFO ] 03:07:35.060 c.s.s.s.JwtAuthenticationFilter - ====================token=================
[INFO ] 03:08:13.784 c.s.s.e.RestApiExceptionHandler - !!!Runtime Error, [002ed607-5305-4638-9d4c-0f5652406007], message=Required request body is missing: public com.studycollaboproject.scope.dto.ResponseDto com.studycollaboproject.scope.controller.ApiTestRestController.saveAssessment(java.lang.String,java.lang.String,java.lang.Long)
[INFO ] 03:08:13.785 c.s.s.s.JwtAuthenticationFilter - ====================token=================
[INFO ] 03:08:13.785 c.s.s.s.JwtAuthenticationFilter - [002ed607-5305-4638-9d4c-0f5652406007] token=null
[INFO ] 03:08:13.785 c.s.s.s.JwtAuthenticationFilter - ====================token=================
[INFO ] 03:11:50.643 o.s.o.j.LocalContainerEntityManagerFactoryBean - Closing JPA EntityManagerFactory for persistence unit 'default'
[INFO ] 03:11:50.644 com.zaxxer.hikari.HikariDataSource - HikariPool-1 - Shutdown initiated...
[INFO ] 03:11:50.700 com.zaxxer.hikari.HikariDataSource - HikariPool-1 - Shutdown completed.
[INFO ] 03:12:04.402 c.s.scope.ScopeApplication - Starting ScopeApplication using Java 11.0.12 on DESKTOP-KM861HJ with PID 23772 (C:\Users\9sanh\Documents\GitHub\Scope_BackEnd\build\classes\java\main started by 9sanh in C:\Users\9sanh\Documents\GitHub\Scope_BackEnd)
[INFO ] 03:12:04.404 c.s.scope.ScopeApplication - The following profiles are active: real1
[INFO ] 03:12:05.011 o.s.d.r.c.RepositoryConfigurationDelegate - Bootstrapping Spring Data JPA repositories in DEFAULT mode.
[INFO ] 03:12:05.079 o.s.d.r.c.RepositoryConfigurationDelegate - Finished Spring Data repository scanning in 63 ms. Found 7 JPA repository interfaces.
[INFO ] 03:12:05.271 c.u.j.c.EnableEncryptablePropertiesBeanFactoryPostProcessor - Post-processing PropertySource instances
[INFO ] 03:12:05.272 c.u.j.EncryptablePropertySourceConverter - Skipping PropertySource configurationProperties [class org.springframework.boot.context.properties.source.ConfigurationPropertySourcesPropertySource
[INFO ] 03:12:05.272 c.u.j.EncryptablePropertySourceConverter - Skipping PropertySource servletConfigInitParams [class org.springframework.core.env.PropertySource$StubPropertySource
[INFO ] 03:12:05.272 c.u.j.EncryptablePropertySourceConverter - Skipping PropertySource servletContextInitParams [class org.springframework.core.env.PropertySource$StubPropertySource
[INFO ] 03:12:05.273 c.u.j.EncryptablePropertySourceConverter - Converting PropertySource systemProperties [org.springframework.core.env.PropertiesPropertySource] to EncryptableMapPropertySourceWrapper
[INFO ] 03:12:05.274 c.u.j.EncryptablePropertySourceConverter - Converting PropertySource systemEnvironment [org.springframework.boot.env.SystemEnvironmentPropertySourceEnvironmentPostProcessor$OriginAwareSystemEnvironmentPropertySource] to EncryptableSystemEnvironmentPropertySourceWrapper
[INFO ] 03:12:05.274 c.u.j.EncryptablePropertySourceConverter - Converting PropertySource random [org.springframework.boot.env.RandomValuePropertySource] to EncryptablePropertySourceWrapper
[INFO ] 03:12:05.274 c.u.j.EncryptablePropertySourceConverter - Converting PropertySource Config resource 'class path resource [application-real1.properties]' via location 'optional:classpath:/' [org.springframework.boot.env.OriginTrackedMapPropertySource] to EncryptableMapPropertySourceWrapper
[INFO ] 03:12:05.274 c.u.j.EncryptablePropertySourceConverter - Converting PropertySource Config resource 'class path resource [application.properties]' via location 'optional:classpath:/' [org.springframework.boot.env.OriginTrackedMapPropertySource] to EncryptableMapPropertySourceWrapper
[INFO ] 03:12:05.404 o.s.c.s.PostProcessorRegistrationDelegate$BeanPostProcessorChecker - Bean 'org.springframework.security.access.expression.method.DefaultMethodSecurityExpressionHandler@31b82e0f' of type [org.springframework.security.access.expression.method.DefaultMethodSecurityExpressionHandler] is not eligible for getting processed by all BeanPostProcessors (for example: not eligible for auto-proxying)
[INFO ] 03:12:05.409 o.s.c.s.PostProcessorRegistrationDelegate$BeanPostProcessorChecker - Bean 'methodSecurityMetadataSource' of type [org.springframework.security.access.method.DelegatingMethodSecurityMetadataSource] is not eligible for getting processed by all BeanPostProcessors (for example: not eligible for auto-proxying)
[INFO ] 03:12:05.469 c.u.j.f.DefaultLazyPropertyFilter - Property Filter custom Bean not found with name 'encryptablePropertyFilter'. Initializing Default Property Filter
[INFO ] 03:12:05.475 c.u.j.r.DefaultLazyPropertyResolver - Property Resolver custom Bean not found with name 'encryptablePropertyResolver'. Initializing Default Property Resolver
[INFO ] 03:12:05.476 c.u.j.d.DefaultLazyPropertyDetector - Property Detector custom Bean not found with name 'encryptablePropertyDetector'. Initializing Default Property Detector
[INFO ] 03:12:05.616 o.s.b.w.e.tomcat.TomcatWebServer - Tomcat initialized with port(s): 8081 (http)
[INFO ] 03:12:05.623 o.a.coyote.http11.Http11NioProtocol - Initializing ProtocolHandler ["http-nio-8081"]
[INFO ] 03:12:05.623 o.a.catalina.core.StandardService - Starting service [Tomcat]
[INFO ] 03:12:05.623 o.a.catalina.core.StandardEngine - Starting Servlet engine: [Apache Tomcat/9.0.54]
[INFO ] 03:12:05.713 o.a.c.c.C.[Tomcat].[localhost].[/] - Initializing Spring embedded WebApplicationContext
[INFO ] 03:12:05.714 o.s.b.w.s.c.ServletWebServerApplicationContext - Root WebApplicationContext: initialization completed in 1278 ms
[INFO ] 03:12:05.776 c.u.j.encryptor.DefaultLazyEncryptor - Found Custom Encryptor Bean org.jasypt.encryption.pbe.PooledPBEStringEncryptor@4c319d52 with name: jasyptStringEncryptor
[INFO ] 03:12:05.913 o.h.jpa.internal.util.LogHelper - HHH000204: Processing PersistenceUnitInfo [name: default]
[INFO ] 03:12:05.945 org.hibernate.Version - HHH000412: Hibernate ORM core version 5.4.32.Final
[INFO ] 03:12:06.034 o.h.annotations.common.Version - HCANN000001: Hibernate Commons Annotations {5.1.2.Final}
[INFO ] 03:12:06.104 com.zaxxer.hikari.HikariDataSource - HikariPool-1 - Starting...
[INFO ] 03:12:06.386 com.zaxxer.hikari.HikariDataSource - HikariPool-1 - Start completed.
[INFO ] 03:12:06.401 org.hibernate.dialect.Dialect - HHH000400: Using dialect: org.hibernate.dialect.MySQL8Dialect
[INFO ] 03:12:07.214 o.h.e.t.j.p.i.JtaPlatformInitiator - HHH000490: Using JtaPlatform implementation: [org.hibernate.engine.transaction.jta.platform.internal.NoJtaPlatform]
[INFO ] 03:12:07.223 o.s.o.j.LocalContainerEntityManagerFactoryBean - Initialized JPA EntityManagerFactory for persistence unit 'default'
[WARN ] 03:12:07.598 o.s.b.a.o.j.JpaBaseConfiguration$JpaWebConfiguration - spring.jpa.open-in-view is enabled by default. Therefore, database queries may be performed during view rendering. Explicitly configure spring.jpa.open-in-view to disable this warning
[INFO ] 03:12:08.020 o.s.s.web.DefaultSecurityFilterChain - Will secure Ant [pattern='/h2-console/**'] with []
[INFO ] 03:12:08.328 o.s.s.web.DefaultSecurityFilterChain - Will secure any request with [org.springframework.security.web.context.request.async.WebAsyncManagerIntegrationFilter@8a8cab8, org.springframework.security.web.context.SecurityContextPersistenceFilter@2330c995, org.springframework.security.web.header.HeaderWriterFilter@3ae91bcc, org.springframework.web.filter.CorsFilter@7d48299e, org.springframework.security.web.authentication.logout.LogoutFilter@4687fee7, org.springframework.security.web.savedrequest.RequestCacheAwareFilter@294b045b, org.springframework.security.web.servletapi.SecurityContextHolderAwareRequestFilter@44cab872, org.springframework.security.web.authentication.AnonymousAuthenticationFilter@17810908, org.springframework.security.web.session.SessionManagementFilter@7dbe858f, org.springframework.security.web.access.ExceptionTranslationFilter@93c66ef, org.springframework.security.web.access.intercept.FilterSecurityInterceptor@159314ca]
[INFO ] 03:12:08.579 o.a.coyote.http11.Http11NioProtocol - Starting ProtocolHandler ["http-nio-8081"]
[INFO ] 03:12:08.594 o.s.b.w.e.tomcat.TomcatWebServer - Tomcat started on port(s): 8081 (http) with context path ''
[INFO ] 03:12:08.595 c.u.j.c.RefreshScopeRefreshedEventListener - Refreshing cached encryptable property sources on ServletWebServerInitializedEvent
[INFO ] 03:12:08.596 c.u.j.c.CachingDelegateEncryptablePropertySource - Property Source systemProperties refreshed
[INFO ] 03:12:08.596 c.u.j.c.CachingDelegateEncryptablePropertySource - Property Source systemEnvironment refreshed
[INFO ] 03:12:08.596 c.u.j.c.CachingDelegateEncryptablePropertySource - Property Source random refreshed
[INFO ] 03:12:08.596 c.u.j.c.CachingDelegateEncryptablePropertySource - Property Source Config resource 'class path resource [application-real1.properties]' via location 'optional:classpath:/' refreshed
[INFO ] 03:12:08.596 c.u.j.c.CachingDelegateEncryptablePropertySource - Property Source Config resource 'class path resource [application.properties]' via location 'optional:classpath:/' refreshed
[INFO ] 03:12:08.597 c.u.j.EncryptablePropertySourceConverter - Converting PropertySource server.ports [org.springframework.core.env.MapPropertySource] to EncryptableMapPropertySourceWrapper
[INFO ] 03:12:08.597 c.u.j.EncryptablePropertySourceConverter - Skipping PropertySource configurationProperties [class org.springframework.boot.context.properties.source.ConfigurationPropertySourcesPropertySource
[INFO ] 03:12:08.597 c.u.j.EncryptablePropertySourceConverter - Skipping PropertySource servletConfigInitParams [class org.springframework.core.env.PropertySource$StubPropertySource
[INFO ] 03:12:08.597 c.u.j.EncryptablePropertySourceConverter - Converting PropertySource servletContextInitParams [org.springframework.web.context.support.ServletContextPropertySource] to EncryptableEnumerablePropertySourceWrapper
[INFO ] 03:12:08.606 c.s.scope.ScopeApplication - Started ScopeApplication in 4.487 seconds (JVM running for 5.325)
[INFO ] 03:12:14.211 o.a.c.c.C.[Tomcat].[localhost].[/] - Initializing Spring DispatcherServlet 'dispatcherServlet'
[INFO ] 03:12:14.211 o.s.web.servlet.DispatcherServlet - Initializing Servlet 'dispatcherServlet'
[INFO ] 03:12:14.212 o.s.web.servlet.DispatcherServlet - Completed initialization in 1 ms
[INFO ] 03:12:14.248 c.s.s.s.JwtAuthenticationFilter - ====================token=================
[INFO ] 03:12:14.248 c.s.s.s.JwtAuthenticationFilter - [ce30ec6b-5475-48ed-aefb-47cf733248d0] token=null
[INFO ] 03:12:14.248 c.s.s.s.JwtAuthenticationFilter - ====================token=================
[INFO ] 03:12:14.276 c.s.s.s.JwtAuthenticationFilter - ====================token=================
[INFO ] 03:12:14.276 c.s.s.s.JwtAuthenticationFilter - [261a3660-18ab-449a-819c-3ab39cbdc7b0] token=null
[INFO ] 03:12:14.276 c.s.s.s.JwtAuthenticationFilter - ====================token=================
[INFO ] 03:12:14.277 c.s.s.s.JwtAuthenticationFilter - ====================token=================
[INFO ] 03:12:14.278 c.s.s.s.JwtAuthenticationFilter - [ba076f98-6274-443d-8bdf-003180cf4931] token=null
[INFO ] 03:12:14.278 c.s.s.s.JwtAuthenticationFilter - ====================token=================
[INFO ] 03:12:14.283 c.s.s.s.JwtAuthenticationFilter - ====================token=================
[INFO ] 03:12:14.284 c.s.s.s.JwtAuthenticationFilter - [5b36cb4a-0b1b-47c7-9e7e-ff26ee565c19] token=null
[INFO ] 03:12:14.284 c.s.s.s.JwtAuthenticationFilter - ====================token=================
[INFO ] 03:12:14.392 c.s.s.s.JwtAuthenticationFilter - ====================token=================
[INFO ] 03:12:14.392 c.s.s.s.JwtAuthenticationFilter - [0f7c8204-492e-4da6-8f46-ec437c3b061a] token=null
[INFO ] 03:12:14.392 c.s.s.s.JwtAuthenticationFilter - ====================token=================
[INFO ] 03:12:14.419 c.s.s.s.JwtAuthenticationFilter - ====================token=================
[INFO ] 03:12:14.419 c.s.s.s.JwtAuthenticationFilter - [abb40d7b-a1c2-4f44-a366-95a300facd0c] token=null
[INFO ] 03:12:14.419 c.s.s.s.JwtAuthenticationFilter - ====================token=================
[INFO ] 03:12:14.422 c.s.s.s.JwtAuthenticationFilter - ====================token=================
[INFO ] 03:12:14.422 c.s.s.s.JwtAuthenticationFilter - [e22261aa-c781-426a-8c2d-5c54c02df294] token=null
[INFO ] 03:12:14.422 c.s.s.s.JwtAuthenticationFilter - ====================token=================
[INFO ] 03:12:14.704 o.s.api.AbstractOpenApiResource - Init duration for springdoc-openapi is: 260 ms
[INFO ] 03:12:14.732 c.s.s.s.JwtAuthenticationFilter - ====================token=================
[INFO ] 03:12:14.732 c.s.s.s.JwtAuthenticationFilter - [7e23d345-5767-4495-aac0-b3f51c119d29] token=null
[INFO ] 03:12:14.732 c.s.s.s.JwtAuthenticationFilter - ====================token=================
[INFO ] 03:12:14.739 c.s.s.s.JwtAuthenticationFilter - ====================token=================
[INFO ] 03:12:14.740 c.s.s.s.JwtAuthenticationFilter - [e821b1ec-ee9c-4ec9-98ad-ce8616894f42] token=null
[INFO ] 03:12:14.740 c.s.s.s.JwtAuthenticationFilter - ====================token=================
[INFO ] 03:12:19.343 c.s.s.e.RestApiExceptionHandler - !!!Runtime Error, [788790da-e1af-40fe-910b-366db8c5b5e7], message=null
[INFO ] 03:12:19.345 c.s.s.s.JwtAuthenticationFilter - ====================token=================
[INFO ] 03:12:19.345 c.s.s.s.JwtAuthenticationFilter - [788790da-e1af-40fe-910b-366db8c5b5e7] token=null
[INFO ] 03:12:19.346 c.s.s.s.JwtAuthenticationFilter - ====================token=================
[INFO ] 03:13:43.761 o.s.o.j.LocalContainerEntityManagerFactoryBean - Closing JPA EntityManagerFactory for persistence unit 'default'
[INFO ] 03:13:43.763 com.zaxxer.hikari.HikariDataSource - HikariPool-1 - Shutdown initiated...
[INFO ] 03:13:43.822 com.zaxxer.hikari.HikariDataSource - HikariPool-1 - Shutdown completed.
[INFO ] 03:14:19.220 c.s.scope.ScopeApplication - Starting ScopeApplication using Java 11.0.12 on DESKTOP-KM861HJ with PID 6100 (C:\Users\9sanh\Documents\GitHub\Scope_BackEnd\build\classes\java\main started by 9sanh in C:\Users\9sanh\Documents\GitHub\Scope_BackEnd)
[INFO ] 03:14:19.222 c.s.scope.ScopeApplication - The following profiles are active: real1
[INFO ] 03:14:19.843 o.s.d.r.c.RepositoryConfigurationDelegate - Bootstrapping Spring Data JPA repositories in DEFAULT mode.
[INFO ] 03:14:19.914 o.s.d.r.c.RepositoryConfigurationDelegate - Finished Spring Data repository scanning in 67 ms. Found 7 JPA repository interfaces.
[INFO ] 03:14:20.111 c.u.j.c.EnableEncryptablePropertiesBeanFactoryPostProcessor - Post-processing PropertySource instances
[INFO ] 03:14:20.112 c.u.j.EncryptablePropertySourceConverter - Skipping PropertySource configurationProperties [class org.springframework.boot.context.properties.source.ConfigurationPropertySourcesPropertySource
[INFO ] 03:14:20.112 c.u.j.EncryptablePropertySourceConverter - Skipping PropertySource servletConfigInitParams [class org.springframework.core.env.PropertySource$StubPropertySource
[INFO ] 03:14:20.112 c.u.j.EncryptablePropertySourceConverter - Skipping PropertySource servletContextInitParams [class org.springframework.core.env.PropertySource$StubPropertySource
[INFO ] 03:14:20.113 c.u.j.EncryptablePropertySourceConverter - Converting PropertySource systemProperties [org.springframework.core.env.PropertiesPropertySource] to EncryptableMapPropertySourceWrapper
[INFO ] 03:14:20.114 c.u.j.EncryptablePropertySourceConverter - Converting PropertySource systemEnvironment [org.springframework.boot.env.SystemEnvironmentPropertySourceEnvironmentPostProcessor$OriginAwareSystemEnvironmentPropertySource] to EncryptableSystemEnvironmentPropertySourceWrapper
[INFO ] 03:14:20.114 c.u.j.EncryptablePropertySourceConverter - Converting PropertySource random [org.springframework.boot.env.RandomValuePropertySource] to EncryptablePropertySourceWrapper
[INFO ] 03:14:20.114 c.u.j.EncryptablePropertySourceConverter - Converting PropertySource Config resource 'class path resource [application-real1.properties]' via location 'optional:classpath:/' [org.springframework.boot.env.OriginTrackedMapPropertySource] to EncryptableMapPropertySourceWrapper
[INFO ] 03:14:20.114 c.u.j.EncryptablePropertySourceConverter - Converting PropertySource Config resource 'class path resource [application.properties]' via location 'optional:classpath:/' [org.springframework.boot.env.OriginTrackedMapPropertySource] to EncryptableMapPropertySourceWrapper
[INFO ] 03:14:20.239 o.s.c.s.PostProcessorRegistrationDelegate$BeanPostProcessorChecker - Bean 'org.springframework.security.access.expression.method.DefaultMethodSecurityExpressionHandler@4fa4f485' of type [org.springframework.security.access.expression.method.DefaultMethodSecurityExpressionHandler] is not eligible for getting processed by all BeanPostProcessors (for example: not eligible for auto-proxying)
[INFO ] 03:14:20.245 o.s.c.s.PostProcessorRegistrationDelegate$BeanPostProcessorChecker - Bean 'methodSecurityMetadataSource' of type [org.springframework.security.access.method.DelegatingMethodSecurityMetadataSource] is not eligible for getting processed by all BeanPostProcessors (for example: not eligible for auto-proxying)
[INFO ] 03:14:20.302 c.u.j.f.DefaultLazyPropertyFilter - Property Filter custom Bean not found with name 'encryptablePropertyFilter'. Initializing Default Property Filter
[INFO ] 03:14:20.308 c.u.j.r.DefaultLazyPropertyResolver - Property Resolver custom Bean not found with name 'encryptablePropertyResolver'. Initializing Default Property Resolver
[INFO ] 03:14:20.309 c.u.j.d.DefaultLazyPropertyDetector - Property Detector custom Bean not found with name 'encryptablePropertyDetector'. Initializing Default Property Detector
[INFO ] 03:14:20.450 o.s.b.w.e.tomcat.TomcatWebServer - Tomcat initialized with port(s): 8081 (http)
[INFO ] 03:14:20.458 o.a.coyote.http11.Http11NioProtocol - Initializing ProtocolHandler ["http-nio-8081"]
[INFO ] 03:14:20.458 o.a.catalina.core.StandardService - Starting service [Tomcat]
[INFO ] 03:14:20.458 o.a.catalina.core.StandardEngine - Starting Servlet engine: [Apache Tomcat/9.0.54]
[INFO ] 03:14:20.549 o.a.c.c.C.[Tomcat].[localhost].[/] - Initializing Spring embedded WebApplicationContext
[INFO ] 03:14:20.549 o.s.b.w.s.c.ServletWebServerApplicationContext - Root WebApplicationContext: initialization completed in 1298 ms
[INFO ] 03:14:20.616 c.u.j.encryptor.DefaultLazyEncryptor - Found Custom Encryptor Bean org.jasypt.encryption.pbe.PooledPBEStringEncryptor@3dbd7107 with name: jasyptStringEncryptor
[INFO ] 03:14:20.752 o.h.jpa.internal.util.LogHelper - HHH000204: Processing PersistenceUnitInfo [name: default]
[INFO ] 03:14:20.786 org.hibernate.Version - HHH000412: Hibernate ORM core version 5.4.32.Final
[INFO ] 03:14:20.880 o.h.annotations.common.Version - HCANN000001: Hibernate Commons Annotations {5.1.2.Final}
[INFO ] 03:14:20.947 com.zaxxer.hikari.HikariDataSource - HikariPool-1 - Starting...
[INFO ] 03:14:21.247 com.zaxxer.hikari.HikariDataSource - HikariPool-1 - Start completed.
[INFO ] 03:14:21.262 org.hibernate.dialect.Dialect - HHH000400: Using dialect: org.hibernate.dialect.MySQL8Dialect
[INFO ] 03:14:22.124 o.h.e.t.j.p.i.JtaPlatformInitiator - HHH000490: Using JtaPlatform implementation: [org.hibernate.engine.transaction.jta.platform.internal.NoJtaPlatform]
[INFO ] 03:14:22.132 o.s.o.j.LocalContainerEntityManagerFactoryBean - Initialized JPA EntityManagerFactory for persistence unit 'default'
[WARN ] 03:14:22.522 o.s.b.a.o.j.JpaBaseConfiguration$JpaWebConfiguration - spring.jpa.open-in-view is enabled by default. Therefore, database queries may be performed during view rendering. Explicitly configure spring.jpa.open-in-view to disable this warning
[INFO ] 03:14:22.957 o.s.s.web.DefaultSecurityFilterChain - Will secure Ant [pattern='/h2-console/**'] with []
[INFO ] 03:14:23.298 o.s.s.web.DefaultSecurityFilterChain - Will secure any request with [org.springframework.security.web.context.request.async.WebAsyncManagerIntegrationFilter@62fa4a88, org.springframework.security.web.context.SecurityContextPersistenceFilter@1a1c308b, org.springframework.security.web.header.HeaderWriterFilter@21b3d356, org.springframework.web.filter.CorsFilter@4b6942a0, org.springframework.security.web.authentication.logout.LogoutFilter@5bbb0a25, org.springframework.security.web.savedrequest.RequestCacheAwareFilter@15324f25, org.springframework.security.web.servletapi.SecurityContextHolderAwareRequestFilter@69ee0861, org.springframework.security.web.authentication.AnonymousAuthenticationFilter@64641998, org.springframework.security.web.session.SessionManagementFilter@1f2d0ca2, org.springframework.security.web.access.ExceptionTranslationFilter@20dc763b, org.springframework.security.web.access.intercept.FilterSecurityInterceptor@48b1b469]
[INFO ] 03:14:23.555 o.a.coyote.http11.Http11NioProtocol - Starting ProtocolHandler ["http-nio-8081"]
[INFO ] 03:14:23.575 o.s.b.w.e.tomcat.TomcatWebServer - Tomcat started on port(s): 8081 (http) with context path ''
[INFO ] 03:14:23.577 c.u.j.c.RefreshScopeRefreshedEventListener - Refreshing cached encryptable property sources on ServletWebServerInitializedEvent
[INFO ] 03:14:23.578 c.u.j.c.CachingDelegateEncryptablePropertySource - Property Source systemProperties refreshed
[INFO ] 03:14:23.578 c.u.j.c.CachingDelegateEncryptablePropertySource - Property Source systemEnvironment refreshed
[INFO ] 03:14:23.578 c.u.j.c.CachingDelegateEncryptablePropertySource - Property Source random refreshed
[INFO ] 03:14:23.578 c.u.j.c.CachingDelegateEncryptablePropertySource - Property Source Config resource 'class path resource [application-real1.properties]' via location 'optional:classpath:/' refreshed
[INFO ] 03:14:23.578 c.u.j.c.CachingDelegateEncryptablePropertySource - Property Source Config resource 'class path resource [application.properties]' via location 'optional:classpath:/' refreshed
[INFO ] 03:14:23.578 c.u.j.EncryptablePropertySourceConverter - Converting PropertySource server.ports [org.springframework.core.env.MapPropertySource] to EncryptableMapPropertySourceWrapper
[INFO ] 03:14:23.578 c.u.j.EncryptablePropertySourceConverter - Skipping PropertySource configurationProperties [class org.springframework.boot.context.properties.source.ConfigurationPropertySourcesPropertySource
[INFO ] 03:14:23.579 c.u.j.EncryptablePropertySourceConverter - Skipping PropertySource servletConfigInitParams [class org.springframework.core.env.PropertySource$StubPropertySource
[INFO ] 03:14:23.579 c.u.j.EncryptablePropertySourceConverter - Converting PropertySource servletContextInitParams [org.springframework.web.context.support.ServletContextPropertySource] to EncryptableEnumerablePropertySourceWrapper
[INFO ] 03:14:23.588 c.s.scope.ScopeApplication - Started ScopeApplication in 4.653 seconds (JVM running for 5.535)
[INFO ] 03:14:28.758 o.a.c.c.C.[Tomcat].[localhost].[/] - Initializing Spring DispatcherServlet 'dispatcherServlet'
[INFO ] 03:14:28.758 o.s.web.servlet.DispatcherServlet - Initializing Servlet 'dispatcherServlet'
[INFO ] 03:14:28.759 o.s.web.servlet.DispatcherServlet - Completed initialization in 1 ms
[INFO ] 03:14:28.796 c.s.s.s.JwtAuthenticationFilter - ====================token=================
[INFO ] 03:14:28.796 c.s.s.s.JwtAuthenticationFilter - [856ba311-c1c8-4397-9f08-5a7b3c4c08c9] token=null
[INFO ] 03:14:28.796 c.s.s.s.JwtAuthenticationFilter - ====================token=================
[INFO ] 03:14:28.823 c.s.s.s.JwtAuthenticationFilter - ====================token=================
[INFO ] 03:14:28.823 c.s.s.s.JwtAuthenticationFilter - [b09a458d-d2d6-48dc-b129-788d8b937bf9] token=null
[INFO ] 03:14:28.823 c.s.s.s.JwtAuthenticationFilter - ====================token=================
[INFO ] 03:14:28.825 c.s.s.s.JwtAuthenticationFilter - ====================token=================
[INFO ] 03:14:28.825 c.s.s.s.JwtAuthenticationFilter - [d37b4775-fec3-4cf6-bf11-be5cff08894f] token=null
[INFO ] 03:14:28.825 c.s.s.s.JwtAuthenticationFilter - ====================token=================
[INFO ] 03:14:28.830 c.s.s.s.JwtAuthenticationFilter - ====================token=================
[INFO ] 03:14:28.830 c.s.s.s.JwtAuthenticationFilter - [27bf3020-1d50-4f75-90ee-70ae74de0fc1] token=null
[INFO ] 03:14:28.830 c.s.s.s.JwtAuthenticationFilter - ====================token=================
[INFO ] 03:14:28.933 c.s.s.s.JwtAuthenticationFilter - ====================token=================
[INFO ] 03:14:28.933 c.s.s.s.JwtAuthenticationFilter - [485767c2-edbb-40e8-bfae-50eb9b26b159] token=null
[INFO ] 03:14:28.933 c.s.s.s.JwtAuthenticationFilter - ====================token=================
[INFO ] 03:14:28.961 c.s.s.s.JwtAuthenticationFilter - ====================token=================
[INFO ] 03:14:28.961 c.s.s.s.JwtAuthenticationFilter - [299f160a-3b57-4ba2-bd58-3f6e8c506dd4] token=null
[INFO ] 03:14:28.961 c.s.s.s.JwtAuthenticationFilter - ====================token=================
[INFO ] 03:14:28.964 c.s.s.s.JwtAuthenticationFilter - ====================token=================
[INFO ] 03:14:28.964 c.s.s.s.JwtAuthenticationFilter - [0906df25-e0ef-421f-b6a3-e555b1f74bb7] token=null
[INFO ] 03:14:28.964 c.s.s.s.JwtAuthenticationFilter - ====================token=================
[INFO ] 03:14:29.254 o.s.api.AbstractOpenApiResource - Init duration for springdoc-openapi is: 267 ms
[INFO ] 03:14:29.285 c.s.s.s.JwtAuthenticationFilter - ====================token=================
[INFO ] 03:14:29.285 c.s.s.s.JwtAuthenticationFilter - [74ac5641-3471-436b-8523-1f4bd0124221] token=null
[INFO ] 03:14:29.285 c.s.s.s.JwtAuthenticationFilter - ====================token=================
[INFO ] 03:14:29.291 c.s.s.s.JwtAuthenticationFilter - ====================token=================
[INFO ] 03:14:29.291 c.s.s.s.JwtAuthenticationFilter - [b3139cab-6255-426b-991e-da3fb1e0d3ed] token=null
[INFO ] 03:14:29.292 c.s.s.s.JwtAuthenticationFilter - ====================token=================
[INFO ] 03:14:33.530 c.s.s.e.RestApiExceptionHandler - !!!Runtime Error, [6b8e539d-fe34-49bf-a641-83fc8aa08e40], message=null
[INFO ] 03:14:33.532 c.s.s.s.JwtAuthenticationFilter - ====================token=================
[INFO ] 03:14:33.533 c.s.s.s.JwtAuthenticationFilter - [6b8e539d-fe34-49bf-a641-83fc8aa08e40] token=null
[INFO ] 03:14:33.533 c.s.s.s.JwtAuthenticationFilter - ====================token=================
[INFO ] 03:14:43.207 o.s.o.j.LocalContainerEntityManagerFactoryBean - Closing JPA EntityManagerFactory for persistence unit 'default'
[INFO ] 03:14:43.209 com.zaxxer.hikari.HikariDataSource - HikariPool-1 - Shutdown initiated...
[INFO ] 03:14:43.270 com.zaxxer.hikari.HikariDataSource - HikariPool-1 - Shutdown completed.
[INFO ] 03:15:22.334 c.s.scope.ScopeApplication - Starting ScopeApplication using Java 11.0.12 on DESKTOP-KM861HJ with PID 8096 (C:\Users\9sanh\Documents\GitHub\Scope_BackEnd\build\classes\java\main started by 9sanh in C:\Users\9sanh\Documents\GitHub\Scope_BackEnd)
[INFO ] 03:15:22.337 c.s.scope.ScopeApplication - The following profiles are active: real1
[INFO ] 03:15:22.986 o.s.d.r.c.RepositoryConfigurationDelegate - Bootstrapping Spring Data JPA repositories in DEFAULT mode.
[INFO ] 03:15:23.061 o.s.d.r.c.RepositoryConfigurationDelegate - Finished Spring Data repository scanning in 70 ms. Found 7 JPA repository interfaces.
[INFO ] 03:15:23.268 c.u.j.c.EnableEncryptablePropertiesBeanFactoryPostProcessor - Post-processing PropertySource instances
[INFO ] 03:15:23.269 c.u.j.EncryptablePropertySourceConverter - Skipping PropertySource configurationProperties [class org.springframework.boot.context.properties.source.ConfigurationPropertySourcesPropertySource
[INFO ] 03:15:23.270 c.u.j.EncryptablePropertySourceConverter - Skipping PropertySource servletConfigInitParams [class org.springframework.core.env.PropertySource$StubPropertySource
[INFO ] 03:15:23.270 c.u.j.EncryptablePropertySourceConverter - Skipping PropertySource servletContextInitParams [class org.springframework.core.env.PropertySource$StubPropertySource
[INFO ] 03:15:23.271 c.u.j.EncryptablePropertySourceConverter - Converting PropertySource systemProperties [org.springframework.core.env.PropertiesPropertySource] to EncryptableMapPropertySourceWrapper
[INFO ] 03:15:23.271 c.u.j.EncryptablePropertySourceConverter - Converting PropertySource systemEnvironment [org.springframework.boot.env.SystemEnvironmentPropertySourceEnvironmentPostProcessor$OriginAwareSystemEnvironmentPropertySource] to EncryptableSystemEnvironmentPropertySourceWrapper
[INFO ] 03:15:23.271 c.u.j.EncryptablePropertySourceConverter - Converting PropertySource random [org.springframework.boot.env.RandomValuePropertySource] to EncryptablePropertySourceWrapper
[INFO ] 03:15:23.271 c.u.j.EncryptablePropertySourceConverter - Converting PropertySource Config resource 'class path resource [application-real1.properties]' via location 'optional:classpath:/' [org.springframework.boot.env.OriginTrackedMapPropertySource] to EncryptableMapPropertySourceWrapper
[INFO ] 03:15:23.272 c.u.j.EncryptablePropertySourceConverter - Converting PropertySource Config resource 'class path resource [application.properties]' via location 'optional:classpath:/' [org.springframework.boot.env.OriginTrackedMapPropertySource] to EncryptableMapPropertySourceWrapper
[INFO ] 03:15:23.408 o.s.c.s.PostProcessorRegistrationDelegate$BeanPostProcessorChecker - Bean 'org.springframework.security.access.expression.method.DefaultMethodSecurityExpressionHandler@da28d03' of type [org.springframework.security.access.expression.method.DefaultMethodSecurityExpressionHandler] is not eligible for getting processed by all BeanPostProcessors (for example: not eligible for auto-proxying)
[INFO ] 03:15:23.414 o.s.c.s.PostProcessorRegistrationDelegate$BeanPostProcessorChecker - Bean 'methodSecurityMetadataSource' of type [org.springframework.security.access.method.DelegatingMethodSecurityMetadataSource] is not eligible for getting processed by all BeanPostProcessors (for example: not eligible for auto-proxying)
[INFO ] 03:15:23.475 c.u.j.f.DefaultLazyPropertyFilter - Property Filter custom Bean not found with name 'encryptablePropertyFilter'. Initializing Default Property Filter
[INFO ] 03:15:23.482 c.u.j.r.DefaultLazyPropertyResolver - Property Resolver custom Bean not found with name 'encryptablePropertyResolver'. Initializing Default Property Resolver
[INFO ] 03:15:23.483 c.u.j.d.DefaultLazyPropertyDetector - Property Detector custom Bean not found with name 'encryptablePropertyDetector'. Initializing Default Property Detector
[INFO ] 03:15:23.626 o.s.b.w.e.tomcat.TomcatWebServer - Tomcat initialized with port(s): 8081 (http)
[INFO ] 03:15:23.635 o.a.coyote.http11.Http11NioProtocol - Initializing ProtocolHandler ["http-nio-8081"]
[INFO ] 03:15:23.636 o.a.catalina.core.StandardService - Starting service [Tomcat]
[INFO ] 03:15:23.636 o.a.catalina.core.StandardEngine - Starting Servlet engine: [Apache Tomcat/9.0.54]
[INFO ] 03:15:23.728 o.a.c.c.C.[Tomcat].[localhost].[/] - Initializing Spring embedded WebApplicationContext
[INFO ] 03:15:23.728 o.s.b.w.s.c.ServletWebServerApplicationContext - Root WebApplicationContext: initialization completed in 1354 ms
[INFO ] 03:15:23.843 c.u.j.encryptor.DefaultLazyEncryptor - Found Custom Encryptor Bean org.jasypt.encryption.pbe.PooledPBEStringEncryptor@4a642e4b with name: jasyptStringEncryptor
[INFO ] 03:15:23.986 o.h.jpa.internal.util.LogHelper - HHH000204: Processing PersistenceUnitInfo [name: default]
[INFO ] 03:15:24.021 org.hibernate.Version - HHH000412: Hibernate ORM core version 5.4.32.Final
[INFO ] 03:15:24.115 o.h.annotations.common.Version - HCANN000001: Hibernate Commons Annotations {5.1.2.Final}
[INFO ] 03:15:24.206 com.zaxxer.hikari.HikariDataSource - HikariPool-1 - Starting...
[INFO ] 03:15:24.512 com.zaxxer.hikari.HikariDataSource - HikariPool-1 - Start completed.
[INFO ] 03:15:24.528 org.hibernate.dialect.Dialect - HHH000400: Using dialect: org.hibernate.dialect.MySQL8Dialect
[INFO ] 03:15:25.467 o.h.e.t.j.p.i.JtaPlatformInitiator - HHH000490: Using JtaPlatform implementation: [org.hibernate.engine.transaction.jta.platform.internal.NoJtaPlatform]
[INFO ] 03:15:25.477 o.s.o.j.LocalContainerEntityManagerFactoryBean - Initialized JPA EntityManagerFactory for persistence unit 'default'
[WARN ] 03:15:25.862 o.s.b.a.o.j.JpaBaseConfiguration$JpaWebConfiguration - spring.jpa.open-in-view is enabled by default. Therefore, database queries may be performed during view rendering. Explicitly configure spring.jpa.open-in-view to disable this warning
[INFO ] 03:15:26.314 o.s.s.web.DefaultSecurityFilterChain - Will secure Ant [pattern='/h2-console/**'] with []
[INFO ] 03:15:26.670 o.s.s.web.DefaultSecurityFilterChain - Will secure any request with [org.springframework.security.web.context.request.async.WebAsyncManagerIntegrationFilter@2b826482, org.springframework.security.web.context.SecurityContextPersistenceFilter@178617da, org.springframework.security.web.header.HeaderWriterFilter@2dc72c0c, org.springframework.web.filter.CorsFilter@3f908a10, org.springframework.security.web.authentication.logout.LogoutFilter@4446a191, org.springframework.security.web.savedrequest.RequestCacheAwareFilter@18174bd9, org.springframework.security.web.servletapi.SecurityContextHolderAwareRequestFilter@25134e01, org.springframework.security.web.authentication.AnonymousAuthenticationFilter@153c69bc, org.springframework.security.web.session.SessionManagementFilter@5af47414, org.springframework.security.web.access.ExceptionTranslationFilter@6894436e, org.springframework.security.web.access.intercept.FilterSecurityInterceptor@41bc501b]
[INFO ] 03:15:26.937 o.a.coyote.http11.Http11NioProtocol - Starting ProtocolHandler ["http-nio-8081"]
[INFO ] 03:15:26.954 o.s.b.w.e.tomcat.TomcatWebServer - Tomcat started on port(s): 8081 (http) with context path ''
[INFO ] 03:15:26.956 c.u.j.c.RefreshScopeRefreshedEventListener - Refreshing cached encryptable property sources on ServletWebServerInitializedEvent
[INFO ] 03:15:26.957 c.u.j.c.CachingDelegateEncryptablePropertySource - Property Source systemProperties refreshed
[INFO ] 03:15:26.957 c.u.j.c.CachingDelegateEncryptablePropertySource - Property Source systemEnvironment refreshed
[INFO ] 03:15:26.957 c.u.j.c.CachingDelegateEncryptablePropertySource - Property Source random refreshed
[INFO ] 03:15:26.957 c.u.j.c.CachingDelegateEncryptablePropertySource - Property Source Config resource 'class path resource [application-real1.properties]' via location 'optional:classpath:/' refreshed
[INFO ] 03:15:26.957 c.u.j.c.CachingDelegateEncryptablePropertySource - Property Source Config resource 'class path resource [application.properties]' via location 'optional:classpath:/' refreshed
[INFO ] 03:15:26.957 c.u.j.EncryptablePropertySourceConverter - Converting PropertySource server.ports [org.springframework.core.env.MapPropertySource] to EncryptableMapPropertySourceWrapper
[INFO ] 03:15:26.957 c.u.j.EncryptablePropertySourceConverter - Skipping PropertySource configurationProperties [class org.springframework.boot.context.properties.source.ConfigurationPropertySourcesPropertySource
[INFO ] 03:15:26.957 c.u.j.EncryptablePropertySourceConverter - Skipping PropertySource servletConfigInitParams [class org.springframework.core.env.PropertySource$StubPropertySource
[INFO ] 03:15:26.957 c.u.j.EncryptablePropertySourceConverter - Converting PropertySource servletContextInitParams [org.springframework.web.context.support.ServletContextPropertySource] to EncryptableEnumerablePropertySourceWrapper
[INFO ] 03:15:26.966 c.s.scope.ScopeApplication - Started ScopeApplication in 5.098 seconds (JVM running for 6.071)
[INFO ] 03:15:34.627 o.a.c.c.C.[Tomcat].[localhost].[/] - Initializing Spring DispatcherServlet 'dispatcherServlet'
[INFO ] 03:15:34.628 o.s.web.servlet.DispatcherServlet - Initializing Servlet 'dispatcherServlet'
[INFO ] 03:15:34.629 o.s.web.servlet.DispatcherServlet - Completed initialization in 1 ms
[INFO ] 03:15:34.665 c.s.s.s.JwtAuthenticationFilter - ====================token=================
[INFO ] 03:15:34.665 c.s.s.s.JwtAuthenticationFilter - [c4bdbfa3-9137-4d60-9565-8ec4f1fd1703] token=null
[INFO ] 03:15:34.665 c.s.s.s.JwtAuthenticationFilter - ====================token=================
[INFO ] 03:15:34.693 c.s.s.s.JwtAuthenticationFilter - ====================token=================
[INFO ] 03:15:34.694 c.s.s.s.JwtAuthenticationFilter - [fa5adeba-0793-4c79-8e05-12c7bb9daad8] token=null
[INFO ] 03:15:34.694 c.s.s.s.JwtAuthenticationFilter - ====================token=================
[INFO ] 03:15:34.695 c.s.s.s.JwtAuthenticationFilter - ====================token=================
[INFO ] 03:15:34.695 c.s.s.s.JwtAuthenticationFilter - [b114387c-eece-46fc-8c13-53586e7e0493] token=null
[INFO ] 03:15:34.695 c.s.s.s.JwtAuthenticationFilter - ====================token=================
[INFO ] 03:15:34.701 c.s.s.s.JwtAuthenticationFilter - ====================token=================
[INFO ] 03:15:34.702 c.s.s.s.JwtAuthenticationFilter - [60c9c656-b00c-4b02-8461-3fd5299d04ea] token=null
[INFO ] 03:15:34.702 c.s.s.s.JwtAuthenticationFilter - ====================token=================
[INFO ] 03:15:34.804 c.s.s.s.JwtAuthenticationFilter - ====================token=================
[INFO ] 03:15:34.804 c.s.s.s.JwtAuthenticationFilter - [b6ae0517-f70d-4cd0-a5b3-54488cd9df76] token=null
[INFO ] 03:15:34.804 c.s.s.s.JwtAuthenticationFilter - ====================token=================
[INFO ] 03:15:34.834 c.s.s.s.JwtAuthenticationFilter - ====================token=================
[INFO ] 03:15:34.835 c.s.s.s.JwtAuthenticationFilter - [79cb0665-6495-461b-8467-cb5448947c60] token=null
[INFO ] 03:15:34.835 c.s.s.s.JwtAuthenticationFilter - ====================token=================
[INFO ] 03:15:34.838 c.s.s.s.JwtAuthenticationFilter - ====================token=================
[INFO ] 03:15:34.838 c.s.s.s.JwtAuthenticationFilter - [577394d4-ae78-4c0e-8936-a3c1f32d4c49] token=null
[INFO ] 03:15:34.839 c.s.s.s.JwtAuthenticationFilter - ====================token=================
[INFO ] 03:15:35.139 o.s.api.AbstractOpenApiResource - Init duration for springdoc-openapi is: 276 ms
[INFO ] 03:15:35.169 c.s.s.s.JwtAuthenticationFilter - ====================token=================
[INFO ] 03:15:35.169 c.s.s.s.JwtAuthenticationFilter - [abcea78b-0dee-4e54-aca3-bf1f92f9e5af] token=null
[INFO ] 03:15:35.169 c.s.s.s.JwtAuthenticationFilter - ====================token=================
[INFO ] 03:15:35.176 c.s.s.s.JwtAuthenticationFilter - ====================token=================
[INFO ] 03:15:35.176 c.s.s.s.JwtAuthenticationFilter - [44ec0dfb-8899-4f51-a653-ed55f7b84c5f] token=null
[INFO ] 03:15:35.177 c.s.s.s.JwtAuthenticationFilter - ====================token=================
[INFO ] 03:16:34.854 c.s.s.e.RestApiExceptionHandler - !!!Runtime Error, [f8b8590c-148c-4eb6-96d0-705c41d069da], message=null
[INFO ] 03:16:34.857 c.s.s.s.JwtAuthenticationFilter - ====================token=================
[INFO ] 03:16:34.857 c.s.s.s.JwtAuthenticationFilter - [f8b8590c-148c-4eb6-96d0-705c41d069da] token=null
[INFO ] 03:16:34.857 c.s.s.s.JwtAuthenticationFilter - ====================token=================
[INFO ] 03:16:34.941 o.s.o.j.LocalContainerEntityManagerFactoryBean - Closing JPA EntityManagerFactory for persistence unit 'default'
[INFO ] 03:16:34.943 com.zaxxer.hikari.HikariDataSource - HikariPool-1 - Shutdown initiated...
[INFO ] 03:16:35.006 com.zaxxer.hikari.HikariDataSource - HikariPool-1 - Shutdown completed.
[INFO ] 03:16:58.003 c.s.scope.ScopeApplication - Starting ScopeApplication using Java 11.0.12 on DESKTOP-KM861HJ with PID 15400 (C:\Users\9sanh\Documents\GitHub\Scope_BackEnd\build\classes\java\main started by 9sanh in C:\Users\9sanh\Documents\GitHub\Scope_BackEnd)
[INFO ] 03:16:58.004 c.s.scope.ScopeApplication - The following profiles are active: real1
[INFO ] 03:16:58.577 o.s.d.r.c.RepositoryConfigurationDelegate - Bootstrapping Spring Data JPA repositories in DEFAULT mode.
[INFO ] 03:16:58.643 o.s.d.r.c.RepositoryConfigurationDelegate - Finished Spring Data repository scanning in 61 ms. Found 7 JPA repository interfaces.
[INFO ] 03:16:58.837 c.u.j.c.EnableEncryptablePropertiesBeanFactoryPostProcessor - Post-processing PropertySource instances
[INFO ] 03:16:58.838 c.u.j.EncryptablePropertySourceConverter - Skipping PropertySource configurationProperties [class org.springframework.boot.context.properties.source.ConfigurationPropertySourcesPropertySource
[INFO ] 03:16:58.838 c.u.j.EncryptablePropertySourceConverter - Skipping PropertySource servletConfigInitParams [class org.springframework.core.env.PropertySource$StubPropertySource
[INFO ] 03:16:58.838 c.u.j.EncryptablePropertySourceConverter - Skipping PropertySource servletContextInitParams [class org.springframework.core.env.PropertySource$StubPropertySource
[INFO ] 03:16:58.839 c.u.j.EncryptablePropertySourceConverter - Converting PropertySource systemProperties [org.springframework.core.env.PropertiesPropertySource] to EncryptableMapPropertySourceWrapper
[INFO ] 03:16:58.840 c.u.j.EncryptablePropertySourceConverter - Converting PropertySource systemEnvironment [org.springframework.boot.env.SystemEnvironmentPropertySourceEnvironmentPostProcessor$OriginAwareSystemEnvironmentPropertySource] to EncryptableSystemEnvironmentPropertySourceWrapper
[INFO ] 03:16:58.840 c.u.j.EncryptablePropertySourceConverter - Converting PropertySource random [org.springframework.boot.env.RandomValuePropertySource] to EncryptablePropertySourceWrapper
[INFO ] 03:16:58.840 c.u.j.EncryptablePropertySourceConverter - Converting PropertySource Config resource 'class path resource [application-real1.properties]' via location 'optional:classpath:/' [org.springframework.boot.env.OriginTrackedMapPropertySource] to EncryptableMapPropertySourceWrapper
[INFO ] 03:16:58.840 c.u.j.EncryptablePropertySourceConverter - Converting PropertySource Config resource 'class path resource [application.properties]' via location 'optional:classpath:/' [org.springframework.boot.env.OriginTrackedMapPropertySource] to EncryptableMapPropertySourceWrapper
[INFO ] 03:16:58.959 o.s.c.s.PostProcessorRegistrationDelegate$BeanPostProcessorChecker - Bean 'org.springframework.security.access.expression.method.DefaultMethodSecurityExpressionHandler@68e02f33' of type [org.springframework.security.access.expression.method.DefaultMethodSecurityExpressionHandler] is not eligible for getting processed by all BeanPostProcessors (for example: not eligible for auto-proxying)
[INFO ] 03:16:58.964 o.s.c.s.PostProcessorRegistrationDelegate$BeanPostProcessorChecker - Bean 'methodSecurityMetadataSource' of type [org.springframework.security.access.method.DelegatingMethodSecurityMetadataSource] is not eligible for getting processed by all BeanPostProcessors (for example: not eligible for auto-proxying)
[INFO ] 03:16:59.022 c.u.j.f.DefaultLazyPropertyFilter - Property Filter custom Bean not found with name 'encryptablePropertyFilter'. Initializing Default Property Filter
[INFO ] 03:16:59.027 c.u.j.r.DefaultLazyPropertyResolver - Property Resolver custom Bean not found with name 'encryptablePropertyResolver'. Initializing Default Property Resolver
[INFO ] 03:16:59.028 c.u.j.d.DefaultLazyPropertyDetector - Property Detector custom Bean not found with name 'encryptablePropertyDetector'. Initializing Default Property Detector
[INFO ] 03:16:59.161 o.s.b.w.e.tomcat.TomcatWebServer - Tomcat initialized with port(s): 8081 (http)
[INFO ] 03:16:59.168 o.a.coyote.http11.Http11NioProtocol - Initializing ProtocolHandler ["http-nio-8081"]
[INFO ] 03:16:59.168 o.a.catalina.core.StandardService - Starting service [Tomcat]
[INFO ] 03:16:59.168 o.a.catalina.core.StandardEngine - Starting Servlet engine: [Apache Tomcat/9.0.54]
[INFO ] 03:16:59.255 o.a.c.c.C.[Tomcat].[localhost].[/] - Initializing Spring embedded WebApplicationContext
[INFO ] 03:16:59.256 o.s.b.w.s.c.ServletWebServerApplicationContext - Root WebApplicationContext: initialization completed in 1222 ms
[INFO ] 03:16:59.315 c.u.j.encryptor.DefaultLazyEncryptor - Found Custom Encryptor Bean org.jasypt.encryption.pbe.PooledPBEStringEncryptor@7ca492d9 with name: jasyptStringEncryptor
[INFO ] 03:16:59.445 o.h.jpa.internal.util.LogHelper - HHH000204: Processing PersistenceUnitInfo [name: default]
[INFO ] 03:16:59.478 org.hibernate.Version - HHH000412: Hibernate ORM core version 5.4.32.Final
[INFO ] 03:16:59.562 o.h.annotations.common.Version - HCANN000001: Hibernate Commons Annotations {5.1.2.Final}
[INFO ] 03:16:59.638 com.zaxxer.hikari.HikariDataSource - HikariPool-1 - Starting...
[INFO ] 03:16:59.898 com.zaxxer.hikari.HikariDataSource - HikariPool-1 - Start completed.
[INFO ] 03:16:59.911 org.hibernate.dialect.Dialect - HHH000400: Using dialect: org.hibernate.dialect.MySQL8Dialect
[INFO ] 03:17:01.099 o.h.e.t.j.p.i.JtaPlatformInitiator - HHH000490: Using JtaPlatform implementation: [org.hibernate.engine.transaction.jta.platform.internal.NoJtaPlatform]
[INFO ] 03:17:01.106 o.s.o.j.LocalContainerEntityManagerFactoryBean - Initialized JPA EntityManagerFactory for persistence unit 'default'
[WARN ] 03:17:01.457 o.s.b.a.o.j.JpaBaseConfiguration$JpaWebConfiguration - spring.jpa.open-in-view is enabled by default. Therefore, database queries may be performed during view rendering. Explicitly configure spring.jpa.open-in-view to disable this warning
[INFO ] 03:17:01.872 o.s.s.web.DefaultSecurityFilterChain - Will secure Ant [pattern='/h2-console/**'] with []
[INFO ] 03:17:02.167 o.s.s.web.DefaultSecurityFilterChain - Will secure any request with [org.springframework.security.web.context.request.async.WebAsyncManagerIntegrationFilter@4c5e123d, org.springframework.security.web.context.SecurityContextPersistenceFilter@53202b06, org.springframework.security.web.header.HeaderWriterFilter@8bd9d08, org.springframework.web.filter.CorsFilter@69542112, org.springframework.security.web.authentication.logout.LogoutFilter@62cf873a, org.springframework.security.web.savedrequest.RequestCacheAwareFilter@77e261e3, org.springframework.security.web.servletapi.SecurityContextHolderAwareRequestFilter@59172d2, org.springframework.security.web.authentication.AnonymousAuthenticationFilter@35a81281, org.springframework.security.web.session.SessionManagementFilter@4f2b1a2f, org.springframework.security.web.access.ExceptionTranslationFilter@30ce78e3, org.springframework.security.web.access.intercept.FilterSecurityInterceptor@cdc09d]
[INFO ] 03:17:02.406 o.a.coyote.http11.Http11NioProtocol - Starting ProtocolHandler ["http-nio-8081"]
[INFO ] 03:17:02.422 o.s.b.w.e.tomcat.TomcatWebServer - Tomcat started on port(s): 8081 (http) with context path ''
[INFO ] 03:17:02.423 c.u.j.c.RefreshScopeRefreshedEventListener - Refreshing cached encryptable property sources on ServletWebServerInitializedEvent
[INFO ] 03:17:02.424 c.u.j.c.CachingDelegateEncryptablePropertySource - Property Source systemProperties refreshed
[INFO ] 03:17:02.424 c.u.j.c.CachingDelegateEncryptablePropertySource - Property Source systemEnvironment refreshed
[INFO ] 03:17:02.424 c.u.j.c.CachingDelegateEncryptablePropertySource - Property Source random refreshed
[INFO ] 03:17:02.424 c.u.j.c.CachingDelegateEncryptablePropertySource - Property Source Config resource 'class path resource [application-real1.properties]' via location 'optional:classpath:/' refreshed
[INFO ] 03:17:02.424 c.u.j.c.CachingDelegateEncryptablePropertySource - Property Source Config resource 'class path resource [application.properties]' via location 'optional:classpath:/' refreshed
[INFO ] 03:17:02.424 c.u.j.EncryptablePropertySourceConverter - Converting PropertySource server.ports [org.springframework.core.env.MapPropertySource] to EncryptableMapPropertySourceWrapper
[INFO ] 03:17:02.424 c.u.j.EncryptablePropertySourceConverter - Skipping PropertySource configurationProperties [class org.springframework.boot.context.properties.source.ConfigurationPropertySourcesPropertySource
[INFO ] 03:17:02.424 c.u.j.EncryptablePropertySourceConverter - Skipping PropertySource servletConfigInitParams [class org.springframework.core.env.PropertySource$StubPropertySource
[INFO ] 03:17:02.424 c.u.j.EncryptablePropertySourceConverter - Converting PropertySource servletContextInitParams [org.springframework.web.context.support.ServletContextPropertySource] to EncryptableEnumerablePropertySourceWrapper
[INFO ] 03:17:02.431 c.s.scope.ScopeApplication - Started ScopeApplication in 4.731 seconds (JVM running for 5.665)
[INFO ] 03:17:06.011 o.a.c.c.C.[Tomcat].[localhost].[/] - Initializing Spring DispatcherServlet 'dispatcherServlet'
[INFO ] 03:17:06.011 o.s.web.servlet.DispatcherServlet - Initializing Servlet 'dispatcherServlet'
[INFO ] 03:17:06.012 o.s.web.servlet.DispatcherServlet - Completed initialization in 1 ms
[INFO ] 03:17:06.233 c.s.scope.util.AspectTime - WorkTime : 137.296 ms
[INFO ] 03:17:06.256 c.s.s.s.JwtAuthenticationFilter - ====================token=================
[INFO ] 03:17:06.257 c.s.s.s.JwtAuthenticationFilter - [4dc1a566-8f0e-4b5b-b867-991d5b03bf50] token=null
[INFO ] 03:17:06.257 c.s.s.s.JwtAuthenticationFilter - ====================token=================
[INFO ] 03:17:35.603 c.s.scope.util.AspectTime - WorkTime : 35.5228 ms
[INFO ] 03:17:35.605 c.s.s.s.JwtAuthenticationFilter - ====================token=================
[INFO ] 03:17:35.605 c.s.s.s.JwtAuthenticationFilter - [5003a8ff-cc7c-4237-a594-a315b0dbb3d3] token=null
[INFO ] 03:17:35.605 c.s.s.s.JwtAuthenticationFilter - ====================token=================
[INFO ] 03:18:16.254 c.s.scope.util.AspectTime - WorkTime : 39.7681 ms
[INFO ] 03:18:16.256 c.s.s.s.JwtAuthenticationFilter - ====================token=================
[INFO ] 03:18:16.256 c.s.s.s.JwtAuthenticationFilter - [eafff657-901f-47a3-9016-44884326f76c] token=null
[INFO ] 03:18:16.256 c.s.s.s.JwtAuthenticationFilter - ====================token=================
[INFO ] 03:18:46.074 c.s.scope.util.AspectTime - WorkTime : 41.2826 ms
[INFO ] 03:18:46.076 c.s.s.s.JwtAuthenticationFilter - ====================token=================
[INFO ] 03:18:46.076 c.s.s.s.JwtAuthenticationFilter - [b54c725f-194a-44bd-83cd-ff3c5f218585] token=null
[INFO ] 03:18:46.076 c.s.s.s.JwtAuthenticationFilter - ====================token=================
[INFO ] 03:19:14.011 c.s.scope.util.AspectTime - WorkTime : 39.0965 ms
[INFO ] 03:19:14.014 c.s.s.s.JwtAuthenticationFilter - ====================token=================
[INFO ] 03:19:14.014 c.s.s.s.JwtAuthenticationFilter - [abf24c53-041a-463f-bf47-042055973000] token=null
[INFO ] 03:19:14.014 c.s.s.s.JwtAuthenticationFilter - ====================token=================
[INFO ] 03:19:46.745 o.s.o.j.LocalContainerEntityManagerFactoryBean - Closing JPA EntityManagerFactory for persistence unit 'default'
[INFO ] 03:19:46.746 com.zaxxer.hikari.HikariDataSource - HikariPool-1 - Shutdown initiated...
[INFO ] 03:19:46.804 com.zaxxer.hikari.HikariDataSource - HikariPool-1 - Shutdown completed.
