[INFO ] 21:03:17.538 c.s.scope.ScopeApplication - Starting ScopeApplication using Java 11.0.12 on DESKTOP-KM861HJ with PID 14144 (C:\Users\9sanh\Documents\GitHub\Scope_BackEnd\build\classes\java\main started by 9sanh in C:\Users\9sanh\Documents\GitHub\Scope_BackEnd)
[INFO ] 21:03:17.540 c.s.scope.ScopeApplication - No active profile set, falling back to default profiles: default
[INFO ] 21:03:18.122 o.s.d.r.c.RepositoryConfigurationDelegate - Bootstrapping Spring Data JPA repositories in DEFAULT mode.
[INFO ] 21:03:18.183 o.s.d.r.c.RepositoryConfigurationDelegate - Finished Spring Data repository scanning in 55 ms. Found 6 JPA repository interfaces.
[INFO ] 21:03:18.399 o.s.c.s.PostProcessorRegistrationDelegate$BeanPostProcessorChecker - Bean 'org.springframework.security.access.expression.method.DefaultMethodSecurityExpressionHandler@68ee3b6d' of type [org.springframework.security.access.expression.method.DefaultMethodSecurityExpressionHandler] is not eligible for getting processed by all BeanPostProcessors (for example: not eligible for auto-proxying)
[INFO ] 21:03:18.403 o.s.c.s.PostProcessorRegistrationDelegate$BeanPostProcessorChecker - Bean 'methodSecurityMetadataSource' of type [org.springframework.security.access.method.DelegatingMethodSecurityMetadataSource] is not eligible for getting processed by all BeanPostProcessors (for example: not eligible for auto-proxying)
[INFO ] 21:03:18.580 o.s.b.w.e.tomcat.TomcatWebServer - Tomcat initialized with port(s): 8080 (http)
[INFO ] 21:03:18.587 o.a.coyote.http11.Http11NioProtocol - Initializing ProtocolHandler ["http-nio-8080"]
[INFO ] 21:03:18.587 o.a.catalina.core.StandardService - Starting service [Tomcat]
[INFO ] 21:03:18.587 o.a.catalina.core.StandardEngine - Starting Servlet engine: [Apache Tomcat/9.0.54]
[INFO ] 21:03:18.684 o.a.c.c.C.[Tomcat].[localhost].[/] - Initializing Spring embedded WebApplicationContext
[INFO ] 21:03:18.685 o.s.b.w.s.c.ServletWebServerApplicationContext - Root WebApplicationContext: initialization completed in 1111 ms
[INFO ] 21:03:18.817 o.h.jpa.internal.util.LogHelper - HHH000204: Processing PersistenceUnitInfo [name: default]
[INFO ] 21:03:18.848 org.hibernate.Version - HHH000412: Hibernate ORM core version 5.4.32.Final
[INFO ] 21:03:18.925 o.h.annotations.common.Version - HCANN000001: Hibernate Commons Annotations {5.1.2.Final}
[INFO ] 21:03:18.988 com.zaxxer.hikari.HikariDataSource - HikariPool-1 - Starting...
[INFO ] 21:03:19.073 com.zaxxer.hikari.HikariDataSource - HikariPool-1 - Start completed.
[INFO ] 21:03:19.086 org.hibernate.dialect.Dialect - HHH000400: Using dialect: org.hibernate.dialect.H2Dialect
[INFO ] 21:03:19.614 o.h.e.t.j.p.i.JtaPlatformInitiator - HHH000490: Using JtaPlatform implementation: [org.hibernate.engine.transaction.jta.platform.internal.NoJtaPlatform]
[INFO ] 21:03:19.621 o.s.o.j.LocalContainerEntityManagerFactoryBean - Initialized JPA EntityManagerFactory for persistence unit 'default'
[WARN ] 21:03:19.909 o.s.b.a.o.j.JpaBaseConfiguration$JpaWebConfiguration - spring.jpa.open-in-view is enabled by default. Therefore, database queries may be performed during view rendering. Explicitly configure spring.jpa.open-in-view to disable this warning
[WARN ] 21:03:20.032 o.s.b.w.s.c.AnnotationConfigServletWebServerApplicationContext - Exception encountered during context initialization - cancelling refresh attempt: org.springframework.beans.factory.UnsatisfiedDependencyException: Error creating bean with name 'applicantRestController' defined in file [C:\Users\9sanh\Documents\GitHub\Scope_BackEnd\build\classes\java\main\com\studycollaboproject\scope\controller\ApplicantRestController.class]: Unsatisfied dependency expressed through constructor parameter 1; nested exception is org.springframework.beans.factory.UnsatisfiedDependencyException: Error creating bean with name 'postService' defined in file [C:\Users\9sanh\Documents\GitHub\Scope_BackEnd\build\classes\java\main\com\studycollaboproject\scope\service\PostService.class]: Unsatisfied dependency expressed through constructor parameter 6; nested exception is org.springframework.beans.factory.UnsatisfiedDependencyException: Error creating bean with name 'userService' defined in file [C:\Users\9sanh\Documents\GitHub\Scope_BackEnd\build\classes\java\main\com\studycollaboproject\scope\service\UserService.class]: Unsatisfied dependency expressed through constructor parameter 5; nested exception is org.springframework.beans.factory.BeanCurrentlyInCreationException: Error creating bean with name 'postService': Requested bean is currently in creation: Is there an unresolvable circular reference?
[INFO ] 21:03:20.034 o.s.o.j.LocalContainerEntityManagerFactoryBean - Closing JPA EntityManagerFactory for persistence unit 'default'
[INFO ] 21:03:20.035 com.zaxxer.hikari.HikariDataSource - HikariPool-1 - Shutdown initiated...
[INFO ] 21:03:20.037 com.zaxxer.hikari.HikariDataSource - HikariPool-1 - Shutdown completed.
[INFO ] 21:03:20.038 o.a.catalina.core.StandardService - Stopping service [Tomcat]
[INFO ] 21:03:20.046 o.s.b.a.l.ConditionEvaluationReportLoggingListener - 

Error starting ApplicationContext. To display the conditions report re-run your application with 'debug' enabled.
[ERROR] 21:03:20.059 o.s.b.d.LoggingFailureAnalysisReporter - 

***************************
APPLICATION FAILED TO START
***************************

Description:

The dependencies of some of the beans in the application context form a cycle:

   applicantRestController defined in file [C:\Users\9sanh\Documents\GitHub\Scope_BackEnd\build\classes\java\main\com\studycollaboproject\scope\controller\ApplicantRestController.class]
┌─────┐
|  postService defined in file [C:\Users\9sanh\Documents\GitHub\Scope_BackEnd\build\classes\java\main\com\studycollaboproject\scope\service\PostService.class]
↑     ↓
|  userService defined in file [C:\Users\9sanh\Documents\GitHub\Scope_BackEnd\build\classes\java\main\com\studycollaboproject\scope\service\UserService.class]
└─────┘


[INFO ] 21:08:43.516 c.s.scope.ScopeApplication - Starting ScopeApplication using Java 11.0.12 on DESKTOP-KM861HJ with PID 16676 (C:\Users\9sanh\Documents\GitHub\Scope_BackEnd\build\classes\java\main started by 9sanh in C:\Users\9sanh\Documents\GitHub\Scope_BackEnd)
[INFO ] 21:08:43.517 c.s.scope.ScopeApplication - No active profile set, falling back to default profiles: default
[INFO ] 21:08:44.069 o.s.d.r.c.RepositoryConfigurationDelegate - Bootstrapping Spring Data JPA repositories in DEFAULT mode.
[INFO ] 21:08:44.125 o.s.d.r.c.RepositoryConfigurationDelegate - Finished Spring Data repository scanning in 52 ms. Found 6 JPA repository interfaces.
[INFO ] 21:08:44.328 o.s.c.s.PostProcessorRegistrationDelegate$BeanPostProcessorChecker - Bean 'org.springframework.security.access.expression.method.DefaultMethodSecurityExpressionHandler@6d60899e' of type [org.springframework.security.access.expression.method.DefaultMethodSecurityExpressionHandler] is not eligible for getting processed by all BeanPostProcessors (for example: not eligible for auto-proxying)
[INFO ] 21:08:44.331 o.s.c.s.PostProcessorRegistrationDelegate$BeanPostProcessorChecker - Bean 'methodSecurityMetadataSource' of type [org.springframework.security.access.method.DelegatingMethodSecurityMetadataSource] is not eligible for getting processed by all BeanPostProcessors (for example: not eligible for auto-proxying)
[INFO ] 21:08:44.506 o.s.b.w.e.tomcat.TomcatWebServer - Tomcat initialized with port(s): 8080 (http)
[INFO ] 21:08:44.512 o.a.coyote.http11.Http11NioProtocol - Initializing ProtocolHandler ["http-nio-8080"]
[INFO ] 21:08:44.513 o.a.catalina.core.StandardService - Starting service [Tomcat]
[INFO ] 21:08:44.513 o.a.catalina.core.StandardEngine - Starting Servlet engine: [Apache Tomcat/9.0.54]
[INFO ] 21:08:44.597 o.a.c.c.C.[Tomcat].[localhost].[/] - Initializing Spring embedded WebApplicationContext
[INFO ] 21:08:44.597 o.s.b.w.s.c.ServletWebServerApplicationContext - Root WebApplicationContext: initialization completed in 1050 ms
[INFO ] 21:08:44.733 o.h.jpa.internal.util.LogHelper - HHH000204: Processing PersistenceUnitInfo [name: default]
[INFO ] 21:08:44.764 org.hibernate.Version - HHH000412: Hibernate ORM core version 5.4.32.Final
[INFO ] 21:08:44.846 o.h.annotations.common.Version - HCANN000001: Hibernate Commons Annotations {5.1.2.Final}
[INFO ] 21:08:44.914 com.zaxxer.hikari.HikariDataSource - HikariPool-1 - Starting...
[INFO ] 21:08:45.000 com.zaxxer.hikari.HikariDataSource - HikariPool-1 - Start completed.
[INFO ] 21:08:45.015 org.hibernate.dialect.Dialect - HHH000400: Using dialect: org.hibernate.dialect.H2Dialect
[INFO ] 21:08:45.577 o.h.e.t.j.p.i.JtaPlatformInitiator - HHH000490: Using JtaPlatform implementation: [org.hibernate.engine.transaction.jta.platform.internal.NoJtaPlatform]
[INFO ] 21:08:45.583 o.s.o.j.LocalContainerEntityManagerFactoryBean - Initialized JPA EntityManagerFactory for persistence unit 'default'
[WARN ] 21:08:45.870 o.s.b.a.o.j.JpaBaseConfiguration$JpaWebConfiguration - spring.jpa.open-in-view is enabled by default. Therefore, database queries may be performed during view rendering. Explicitly configure spring.jpa.open-in-view to disable this warning
[WARN ] 21:08:46.003 o.s.b.w.s.c.AnnotationConfigServletWebServerApplicationContext - Exception encountered during context initialization - cancelling refresh attempt: org.springframework.beans.factory.UnsatisfiedDependencyException: Error creating bean with name 'applicantRestController' defined in file [C:\Users\9sanh\Documents\GitHub\Scope_BackEnd\build\classes\java\main\com\studycollaboproject\scope\controller\ApplicantRestController.class]: Unsatisfied dependency expressed through constructor parameter 1; nested exception is org.springframework.beans.factory.UnsatisfiedDependencyException: Error creating bean with name 'postService' defined in file [C:\Users\9sanh\Documents\GitHub\Scope_BackEnd\build\classes\java\main\com\studycollaboproject\scope\service\PostService.class]: Unsatisfied dependency expressed through constructor parameter 6; nested exception is org.springframework.beans.factory.UnsatisfiedDependencyException: Error creating bean with name 'userService' defined in file [C:\Users\9sanh\Documents\GitHub\Scope_BackEnd\build\classes\java\main\com\studycollaboproject\scope\service\UserService.class]: Unsatisfied dependency expressed through constructor parameter 5; nested exception is org.springframework.beans.factory.BeanCurrentlyInCreationException: Error creating bean with name 'postService': Requested bean is currently in creation: Is there an unresolvable circular reference?
[INFO ] 21:08:46.004 o.s.o.j.LocalContainerEntityManagerFactoryBean - Closing JPA EntityManagerFactory for persistence unit 'default'
[INFO ] 21:08:46.005 com.zaxxer.hikari.HikariDataSource - HikariPool-1 - Shutdown initiated...
[INFO ] 21:08:46.007 com.zaxxer.hikari.HikariDataSource - HikariPool-1 - Shutdown completed.
[INFO ] 21:08:46.009 o.a.catalina.core.StandardService - Stopping service [Tomcat]
[INFO ] 21:08:46.016 o.s.b.a.l.ConditionEvaluationReportLoggingListener - 

Error starting ApplicationContext. To display the conditions report re-run your application with 'debug' enabled.
[ERROR] 21:08:46.028 o.s.b.d.LoggingFailureAnalysisReporter - 

***************************
APPLICATION FAILED TO START
***************************

Description:

The dependencies of some of the beans in the application context form a cycle:

   applicantRestController defined in file [C:\Users\9sanh\Documents\GitHub\Scope_BackEnd\build\classes\java\main\com\studycollaboproject\scope\controller\ApplicantRestController.class]
┌─────┐
|  postService defined in file [C:\Users\9sanh\Documents\GitHub\Scope_BackEnd\build\classes\java\main\com\studycollaboproject\scope\service\PostService.class]
↑     ↓
|  userService defined in file [C:\Users\9sanh\Documents\GitHub\Scope_BackEnd\build\classes\java\main\com\studycollaboproject\scope\service\UserService.class]
└─────┘


[INFO ] 21:16:31.253 c.s.scope.ScopeApplication - Starting ScopeApplication using Java 11.0.12 on DESKTOP-KM861HJ with PID 16640 (C:\Users\9sanh\Documents\GitHub\Scope_BackEnd\build\classes\java\main started by 9sanh in C:\Users\9sanh\Documents\GitHub\Scope_BackEnd)
[INFO ] 21:16:31.254 c.s.scope.ScopeApplication - No active profile set, falling back to default profiles: default
[INFO ] 21:16:31.800 o.s.d.r.c.RepositoryConfigurationDelegate - Bootstrapping Spring Data JPA repositories in DEFAULT mode.
[INFO ] 21:16:31.855 o.s.d.r.c.RepositoryConfigurationDelegate - Finished Spring Data repository scanning in 50 ms. Found 6 JPA repository interfaces.
[INFO ] 21:16:32.054 o.s.c.s.PostProcessorRegistrationDelegate$BeanPostProcessorChecker - Bean 'org.springframework.security.access.expression.method.DefaultMethodSecurityExpressionHandler@338b49d3' of type [org.springframework.security.access.expression.method.DefaultMethodSecurityExpressionHandler] is not eligible for getting processed by all BeanPostProcessors (for example: not eligible for auto-proxying)
[INFO ] 21:16:32.058 o.s.c.s.PostProcessorRegistrationDelegate$BeanPostProcessorChecker - Bean 'methodSecurityMetadataSource' of type [org.springframework.security.access.method.DelegatingMethodSecurityMetadataSource] is not eligible for getting processed by all BeanPostProcessors (for example: not eligible for auto-proxying)
[INFO ] 21:16:32.224 o.s.b.w.e.tomcat.TomcatWebServer - Tomcat initialized with port(s): 8080 (http)
[INFO ] 21:16:32.230 o.a.coyote.http11.Http11NioProtocol - Initializing ProtocolHandler ["http-nio-8080"]
[INFO ] 21:16:32.231 o.a.catalina.core.StandardService - Starting service [Tomcat]
[INFO ] 21:16:32.231 o.a.catalina.core.StandardEngine - Starting Servlet engine: [Apache Tomcat/9.0.54]
[INFO ] 21:16:32.312 o.a.c.c.C.[Tomcat].[localhost].[/] - Initializing Spring embedded WebApplicationContext
[INFO ] 21:16:32.312 o.s.b.w.s.c.ServletWebServerApplicationContext - Root WebApplicationContext: initialization completed in 1029 ms
[INFO ] 21:16:32.437 o.h.jpa.internal.util.LogHelper - HHH000204: Processing PersistenceUnitInfo [name: default]
[INFO ] 21:16:32.466 org.hibernate.Version - HHH000412: Hibernate ORM core version 5.4.32.Final
[INFO ] 21:16:32.540 o.h.annotations.common.Version - HCANN000001: Hibernate Commons Annotations {5.1.2.Final}
[INFO ] 21:16:32.603 com.zaxxer.hikari.HikariDataSource - HikariPool-1 - Starting...
[INFO ] 21:16:32.675 com.zaxxer.hikari.HikariDataSource - HikariPool-1 - Start completed.
[INFO ] 21:16:32.689 org.hibernate.dialect.Dialect - HHH000400: Using dialect: org.hibernate.dialect.H2Dialect
[INFO ] 21:16:33.204 o.h.e.t.j.p.i.JtaPlatformInitiator - HHH000490: Using JtaPlatform implementation: [org.hibernate.engine.transaction.jta.platform.internal.NoJtaPlatform]
[INFO ] 21:16:33.211 o.s.o.j.LocalContainerEntityManagerFactoryBean - Initialized JPA EntityManagerFactory for persistence unit 'default'
[WARN ] 21:16:33.498 o.s.b.a.o.j.JpaBaseConfiguration$JpaWebConfiguration - spring.jpa.open-in-view is enabled by default. Therefore, database queries may be performed during view rendering. Explicitly configure spring.jpa.open-in-view to disable this warning
[INFO ] 21:16:33.704 o.s.s.web.DefaultSecurityFilterChain - Will secure Ant [pattern='/h2-console/**'] with []
[INFO ] 21:16:33.970 o.s.s.web.DefaultSecurityFilterChain - Will secure any request with [org.springframework.security.web.context.request.async.WebAsyncManagerIntegrationFilter@52b32622, org.springframework.security.web.context.SecurityContextPersistenceFilter@49770ef9, org.springframework.security.web.header.HeaderWriterFilter@219a2203, org.springframework.web.filter.CorsFilter@7fb1820d, org.springframework.security.web.authentication.logout.LogoutFilter@656672fb, com.studycollaboproject.scope.security.ExceptionHandlerFilter@34414ffc, com.studycollaboproject.scope.security.JwtAuthenticationFilter@4fbbd98c, org.springframework.security.web.savedrequest.RequestCacheAwareFilter@4f0cdd0f, org.springframework.security.web.servletapi.SecurityContextHolderAwareRequestFilter@1b120d48, org.springframework.security.web.authentication.AnonymousAuthenticationFilter@7e27b77a, org.springframework.security.web.session.SessionManagementFilter@6a261998, org.springframework.security.web.access.ExceptionTranslationFilter@4ef277ef, org.springframework.security.web.access.intercept.FilterSecurityInterceptor@f245168]
[INFO ] 21:16:34.132 o.a.coyote.http11.Http11NioProtocol - Starting ProtocolHandler ["http-nio-8080"]
[INFO ] 21:16:34.147 o.s.b.w.e.tomcat.TomcatWebServer - Tomcat started on port(s): 8080 (http) with context path ''
[INFO ] 21:16:34.155 c.s.scope.ScopeApplication - Started ScopeApplication in 3.146 seconds (JVM running for 3.706)
[INFO ] 21:16:37.117 o.s.o.j.LocalContainerEntityManagerFactoryBean - Closing JPA EntityManagerFactory for persistence unit 'default'
[INFO ] 21:16:37.119 com.zaxxer.hikari.HikariDataSource - HikariPool-1 - Shutdown initiated...
[INFO ] 21:16:37.121 com.zaxxer.hikari.HikariDataSource - HikariPool-1 - Shutdown completed.
[INFO ] 21:17:26.345 c.s.scope.ScopeApplication - Starting ScopeApplication using Java 11.0.12 on DESKTOP-KM861HJ with PID 10116 (C:\Users\9sanh\Documents\GitHub\Scope_BackEnd\build\classes\java\main started by 9sanh in C:\Users\9sanh\Documents\GitHub\Scope_BackEnd)
[INFO ] 21:17:26.348 c.s.scope.ScopeApplication - No active profile set, falling back to default profiles: default
[INFO ] 21:17:26.943 o.s.d.r.c.RepositoryConfigurationDelegate - Bootstrapping Spring Data JPA repositories in DEFAULT mode.
[INFO ] 21:17:27.000 o.s.d.r.c.RepositoryConfigurationDelegate - Finished Spring Data repository scanning in 52 ms. Found 6 JPA repository interfaces.
[INFO ] 21:17:27.224 o.s.c.s.PostProcessorRegistrationDelegate$BeanPostProcessorChecker - Bean 'org.springframework.security.access.expression.method.DefaultMethodSecurityExpressionHandler@334ebcaa' of type [org.springframework.security.access.expression.method.DefaultMethodSecurityExpressionHandler] is not eligible for getting processed by all BeanPostProcessors (for example: not eligible for auto-proxying)
[INFO ] 21:17:27.230 o.s.c.s.PostProcessorRegistrationDelegate$BeanPostProcessorChecker - Bean 'methodSecurityMetadataSource' of type [org.springframework.security.access.method.DelegatingMethodSecurityMetadataSource] is not eligible for getting processed by all BeanPostProcessors (for example: not eligible for auto-proxying)
[INFO ] 21:17:27.417 o.s.b.w.e.tomcat.TomcatWebServer - Tomcat initialized with port(s): 8080 (http)
[INFO ] 21:17:27.424 o.a.coyote.http11.Http11NioProtocol - Initializing ProtocolHandler ["http-nio-8080"]
[INFO ] 21:17:27.425 o.a.catalina.core.StandardService - Starting service [Tomcat]
[INFO ] 21:17:27.425 o.a.catalina.core.StandardEngine - Starting Servlet engine: [Apache Tomcat/9.0.54]
[INFO ] 21:17:27.521 o.a.c.c.C.[Tomcat].[localhost].[/] - Initializing Spring embedded WebApplicationContext
[INFO ] 21:17:27.521 o.s.b.w.s.c.ServletWebServerApplicationContext - Root WebApplicationContext: initialization completed in 1140 ms
[INFO ] 21:17:27.658 o.h.jpa.internal.util.LogHelper - HHH000204: Processing PersistenceUnitInfo [name: default]
[INFO ] 21:17:27.691 org.hibernate.Version - HHH000412: Hibernate ORM core version 5.4.32.Final
[INFO ] 21:17:27.771 o.h.annotations.common.Version - HCANN000001: Hibernate Commons Annotations {5.1.2.Final}
[INFO ] 21:17:27.839 com.zaxxer.hikari.HikariDataSource - HikariPool-1 - Starting...
[INFO ] 21:17:27.916 com.zaxxer.hikari.HikariDataSource - HikariPool-1 - Start completed.
[INFO ] 21:17:27.930 org.hibernate.dialect.Dialect - HHH000400: Using dialect: org.hibernate.dialect.H2Dialect
[INFO ] 21:17:28.439 o.h.e.t.j.p.i.JtaPlatformInitiator - HHH000490: Using JtaPlatform implementation: [org.hibernate.engine.transaction.jta.platform.internal.NoJtaPlatform]
[INFO ] 21:17:28.446 o.s.o.j.LocalContainerEntityManagerFactoryBean - Initialized JPA EntityManagerFactory for persistence unit 'default'
[WARN ] 21:17:28.748 o.s.b.a.o.j.JpaBaseConfiguration$JpaWebConfiguration - spring.jpa.open-in-view is enabled by default. Therefore, database queries may be performed during view rendering. Explicitly configure spring.jpa.open-in-view to disable this warning
[INFO ] 21:17:28.962 o.s.s.web.DefaultSecurityFilterChain - Will secure Ant [pattern='/h2-console/**'] with []
[INFO ] 21:17:29.244 o.s.s.web.DefaultSecurityFilterChain - Will secure any request with [org.springframework.security.web.context.request.async.WebAsyncManagerIntegrationFilter@7c1c0892, org.springframework.security.web.context.SecurityContextPersistenceFilter@796613b7, org.springframework.security.web.header.HeaderWriterFilter@1afabf06, org.springframework.web.filter.CorsFilter@1771d6a5, org.springframework.security.web.authentication.logout.LogoutFilter@67372d20, com.studycollaboproject.scope.security.ExceptionHandlerFilter@5a90265a, com.studycollaboproject.scope.security.JwtAuthenticationFilter@1c3b221f, org.springframework.security.web.savedrequest.RequestCacheAwareFilter@44df834c, org.springframework.security.web.servletapi.SecurityContextHolderAwareRequestFilter@27b7e663, org.springframework.security.web.authentication.AnonymousAuthenticationFilter@1d51b6a8, org.springframework.security.web.session.SessionManagementFilter@21b2579d, org.springframework.security.web.access.ExceptionTranslationFilter@32e7df65, org.springframework.security.web.access.intercept.FilterSecurityInterceptor@21f94fe3]
[INFO ] 21:17:29.429 o.a.coyote.http11.Http11NioProtocol - Starting ProtocolHandler ["http-nio-8080"]
[INFO ] 21:17:29.444 o.s.b.w.e.tomcat.TomcatWebServer - Tomcat started on port(s): 8080 (http) with context path ''
[INFO ] 21:17:29.453 c.s.scope.ScopeApplication - Started ScopeApplication in 3.373 seconds (JVM running for 4.017)
[INFO ] 21:19:18.405 o.s.o.j.LocalContainerEntityManagerFactoryBean - Closing JPA EntityManagerFactory for persistence unit 'default'
[INFO ] 21:19:18.406 com.zaxxer.hikari.HikariDataSource - HikariPool-1 - Shutdown initiated...
[INFO ] 21:19:18.408 com.zaxxer.hikari.HikariDataSource - HikariPool-1 - Shutdown completed.
