[INFO ] 00:56:37.214 c.s.scope.util.AspectTime - [423a9673-f4e0-4066-8a2d-2ef106b346eb], WorkTime : 0.193 ms
[INFO ] 00:56:37.225 c.s.s.filter.JwtAuthenticationFilter - [423a9673-f4e0-4066-8a2d-2ef106b346eb], token=null
[INFO ] 00:56:37.279 c.s.s.filter.JwtAuthenticationFilter - [3d882718-6fc1-44de-971b-f5fd9c63f127], token=null
[INFO ] 00:56:37.279 c.s.s.filter.JwtAuthenticationFilter - [ef89ce22-95a8-4e9b-9242-b7452c24b26b], token=null
[INFO ] 00:56:37.348 c.s.s.filter.JwtAuthenticationFilter - [c14b5b5d-3f9e-4bd6-8ae8-53776660d8a9], token=null
[INFO ] 00:56:37.349 c.s.s.filter.JwtAuthenticationFilter - [e3123b28-7eab-451f-9264-e4ef4134bd3c], token=null
[INFO ] 00:56:37.559 c.s.s.filter.JwtAuthenticationFilter - [72863994-2aa0-467b-bcef-8b783348f32e], token=null
[INFO ] 00:56:37.563 c.s.s.filter.JwtAuthenticationFilter - [7f37312e-8ea0-48d2-b51e-7cf5385d69a6], token=null
[INFO ] 00:56:37.563 c.s.s.filter.JwtAuthenticationFilter - [75a7fb58-5c50-47db-8cbc-167cd8707672], token=null
[INFO ] 00:56:37.567 c.s.s.filter.JwtAuthenticationFilter - [10ff2f0a-7abd-4c06-bd59-a31b875175b6], token=null
[INFO ] 00:56:37.573 c.s.s.filter.JwtAuthenticationFilter - [8eb1a824-48dc-415c-ae37-79d4d81af573], token=null
[INFO ] 00:56:37.573 c.s.s.filter.JwtAuthenticationFilter - [fb480abf-0a13-4646-ac3e-03a3806e06fb], token=null
[INFO ] 00:56:37.625 c.s.s.filter.JwtAuthenticationFilter - [835439e7-2562-43ce-b4ea-436b5d7bc7f0], token=null
[INFO ] 00:56:37.625 c.s.s.filter.JwtAuthenticationFilter - [27aafc56-5ca1-4d30-b818-93e5dc159cf1], token=null
[INFO ] 00:56:37.625 c.s.s.filter.JwtAuthenticationFilter - [63a269f6-f684-4bb3-a333-4fef5fb52e19], token=null
[INFO ] 00:56:37.637 c.s.s.filter.JwtAuthenticationFilter - [f0eaa350-fcaa-41fc-b874-ef0ba4db92fa], token=null
[INFO ] 00:56:37.637 c.s.s.filter.JwtAuthenticationFilter - [a9fa664d-489e-47ef-84f8-146d4adc3762], token=null
[INFO ] 00:56:37.637 c.s.s.filter.JwtAuthenticationFilter - [3a89a5c8-dc7b-4979-bdd7-cd916c4678a7], token=null
[INFO ] 00:56:37.648 c.s.s.filter.JwtAuthenticationFilter - [267b6526-37fc-4ae1-8a19-9ad53359bac3], token=null
[INFO ] 00:56:37.648 c.s.s.filter.JwtAuthenticationFilter - [749bef34-deab-42a5-82aa-2faa503efdab], token=null
[INFO ] 00:56:37.649 c.s.s.filter.JwtAuthenticationFilter - [ad29eed8-99af-43c8-a997-32168375dcfc], token=null
[INFO ] 00:56:37.657 c.s.s.filter.JwtAuthenticationFilter - [b2aec93e-a7d4-473e-af19-d26395462605], token=null
[INFO ] 00:56:37.657 c.s.s.filter.JwtAuthenticationFilter - [0f97f50d-4c97-40f0-b8a2-a7b65a8e3cd6], token=null
[INFO ] 00:56:37.658 c.s.s.filter.JwtAuthenticationFilter - [b8256453-2655-47d4-aee4-513d60a4e46b], token=null
[INFO ] 00:56:37.665 c.s.s.filter.JwtAuthenticationFilter - [2cc2d848-8c9a-4c33-b560-76ff1f20312d], token=null
[INFO ] 00:56:37.670 c.s.s.filter.JwtAuthenticationFilter - [5dd8235d-16f9-4fab-af0c-723973ea6481], token=null
[INFO ] 00:56:37.688 c.s.s.filter.JwtAuthenticationFilter - [f16704df-3f8d-4bd9-bb6d-309c4849f6f0], token=null
[INFO ] 00:56:37.694 c.s.s.filter.JwtAuthenticationFilter - [e6d4c7bc-221a-4957-af4c-de2c5a6be60d], token=null
[INFO ] 00:56:45.346 c.s.s.filter.JwtAuthenticationFilter - [56b5f13d-a810-4e81-a3bf-ea2a2ea16c65], token=null
[INFO ] 00:56:53.355 c.s.s.filter.JwtAuthenticationFilter - [4b363580-8292-460f-944f-291ea15fdc48], token=null
[INFO ] 00:57:01.348 c.s.s.filter.JwtAuthenticationFilter - [9edd0c7b-ecdf-4457-933d-06267aec8329], token=null
[WARN ] 07:00:28.264 com.zaxxer.hikari.pool.HikariPool - HikariPool-1 - Thread starvation or clock leap detected (housekeeper delta=12m50s163ms363µs700ns).
[INFO ] 17:48:18.313 c.s.scope.util.AspectTime - [cce2b781-2cf8-48a0-a06d-ff1d83ea7769], WorkTime : 0.1544 ms
[INFO ] 17:48:18.320 c.s.s.filter.JwtAuthenticationFilter - [cce2b781-2cf8-48a0-a06d-ff1d83ea7769], token=null
[INFO ] 17:48:24.388 c.s.s.filter.JwtAuthenticationFilter - [0b9634ad-d5fb-48b4-9c52-37426238e0da], token=null
[WARN ] 17:48:32.287 com.zaxxer.hikari.pool.HikariPool - HikariPool-1 - Thread starvation or clock leap detected (housekeeper delta=9h30m33s11ms263µs500ns).
[WARN ] 21:18:58.304 com.zaxxer.hikari.pool.HikariPool - HikariPool-1 - Thread starvation or clock leap detected (housekeeper delta=2h37m55s460ms148µs400ns).
