[INFO ] 17:39:13.946 c.s.scope.ScopeApplication - Starting ScopeApplication using Java 11.0.1 on DESKTOP-LRS5KO2 with PID 15544 (C:\Users\MH\Desktop\Scope_BackEnd\out\production\classes started by MH in C:\Users\MH\Desktop\Scope_BackEnd)
[INFO ] 17:39:13.949 c.s.scope.ScopeApplication - The following profiles are active: real1
[INFO ] 17:39:15.340 o.s.d.r.c.RepositoryConfigurationDelegate - Bootstrapping Spring Data JPA repositories in DEFAULT mode.
[INFO ] 17:39:15.461 o.s.d.r.c.RepositoryConfigurationDelegate - Finished Spring Data repository scanning in 113 ms. Found 7 JPA repository interfaces.
[INFO ] 17:39:15.892 c.u.j.c.EnableEncryptablePropertiesBeanFactoryPostProcessor - Post-processing PropertySource instances
[INFO ] 17:39:15.893 c.u.j.EncryptablePropertySourceConverter - Skipping PropertySource configurationProperties [class org.springframework.boot.context.properties.source.ConfigurationPropertySourcesPropertySource
[INFO ] 17:39:15.897 c.u.j.EncryptablePropertySourceConverter - Skipping PropertySource servletConfigInitParams [class org.springframework.core.env.PropertySource$StubPropertySource
[INFO ] 17:39:15.897 c.u.j.EncryptablePropertySourceConverter - Skipping PropertySource servletContextInitParams [class org.springframework.core.env.PropertySource$StubPropertySource
[INFO ] 17:39:15.900 c.u.j.EncryptablePropertySourceConverter - Converting PropertySource systemProperties [org.springframework.core.env.PropertiesPropertySource] to EncryptableMapPropertySourceWrapper
[INFO ] 17:39:15.900 c.u.j.EncryptablePropertySourceConverter - Converting PropertySource systemEnvironment [org.springframework.boot.env.SystemEnvironmentPropertySourceEnvironmentPostProcessor$OriginAwareSystemEnvironmentPropertySource] to EncryptableSystemEnvironmentPropertySourceWrapper
[INFO ] 17:39:15.901 c.u.j.EncryptablePropertySourceConverter - Converting PropertySource random [org.springframework.boot.env.RandomValuePropertySource] to EncryptablePropertySourceWrapper
[INFO ] 17:39:15.901 c.u.j.EncryptablePropertySourceConverter - Converting PropertySource Config resource 'class path resource [application-real1.properties]' via location 'optional:classpath:/' [org.springframework.boot.env.OriginTrackedMapPropertySource] to EncryptableMapPropertySourceWrapper
[INFO ] 17:39:15.902 c.u.j.EncryptablePropertySourceConverter - Converting PropertySource Config resource 'class path resource [application.properties]' via location 'optional:classpath:/' [org.springframework.boot.env.OriginTrackedMapPropertySource] to EncryptableMapPropertySourceWrapper
[INFO ] 17:39:15.954 o.s.c.s.PostProcessorRegistrationDelegate$BeanPostProcessorChecker - Bean 'asyncConfig' of type [com.studycollaboproject.scope.config.AsyncConfig$$EnhancerBySpringCGLIB$$7ca03255] is not eligible for getting processed by all BeanPostProcessors (for example: not eligible for auto-proxying)
[INFO ] 17:39:16.141 o.s.c.s.PostProcessorRegistrationDelegate$BeanPostProcessorChecker - Bean 'org.springframework.security.access.expression.method.DefaultMethodSecurityExpressionHandler@493ac8d3' of type [org.springframework.security.access.expression.method.DefaultMethodSecurityExpressionHandler] is not eligible for getting processed by all BeanPostProcessors (for example: not eligible for auto-proxying)
[INFO ] 17:39:16.151 o.s.c.s.PostProcessorRegistrationDelegate$BeanPostProcessorChecker - Bean 'methodSecurityMetadataSource' of type [org.springframework.security.access.method.DelegatingMethodSecurityMetadataSource] is not eligible for getting processed by all BeanPostProcessors (for example: not eligible for auto-proxying)
[INFO ] 17:39:16.248 c.u.j.f.DefaultLazyPropertyFilter - Property Filter custom Bean not found with name 'encryptablePropertyFilter'. Initializing Default Property Filter
[INFO ] 17:39:16.255 c.u.j.r.DefaultLazyPropertyResolver - Property Resolver custom Bean not found with name 'encryptablePropertyResolver'. Initializing Default Property Resolver
[INFO ] 17:39:16.256 c.u.j.d.DefaultLazyPropertyDetector - Property Detector custom Bean not found with name 'encryptablePropertyDetector'. Initializing Default Property Detector
[INFO ] 17:39:16.617 o.s.b.w.e.tomcat.TomcatWebServer - Tomcat initialized with port(s): 8081 (http)
[INFO ] 17:39:16.625 o.a.coyote.http11.Http11NioProtocol - Initializing ProtocolHandler ["http-nio-8081"]
[INFO ] 17:39:16.626 o.a.catalina.core.StandardService - Starting service [Tomcat]
[INFO ] 17:39:16.626 o.a.catalina.core.StandardEngine - Starting Servlet engine: [Apache Tomcat/9.0.54]
[INFO ] 17:39:16.758 o.a.c.c.C.[Tomcat].[localhost].[/] - Initializing Spring embedded WebApplicationContext
[INFO ] 17:39:16.758 o.s.b.w.s.c.ServletWebServerApplicationContext - Root WebApplicationContext: initialization completed in 2684 ms
[INFO ] 17:39:16.829 c.u.j.encryptor.DefaultLazyEncryptor - Found Custom Encryptor Bean org.jasypt.encryption.pbe.PooledPBEStringEncryptor@5f025000 with name: jasyptStringEncryptor
[INFO ] 17:39:16.988 o.h.jpa.internal.util.LogHelper - HHH000204: Processing PersistenceUnitInfo [name: default]
[INFO ] 17:39:17.027 org.hibernate.Version - HHH000412: Hibernate ORM core version 5.4.32.Final
[INFO ] 17:39:17.121 o.h.annotations.common.Version - HCANN000001: Hibernate Commons Annotations {5.1.2.Final}
[INFO ] 17:39:17.203 com.zaxxer.hikari.HikariDataSource - HikariPool-1 - Starting...
[INFO ] 17:39:17.690 com.zaxxer.hikari.HikariDataSource - HikariPool-1 - Start completed.
[INFO ] 17:39:17.711 org.hibernate.dialect.Dialect - HHH000400: Using dialect: org.hibernate.dialect.MySQL8Dialect
[INFO ] 17:39:18.651 o.h.e.t.j.p.i.JtaPlatformInitiator - HHH000490: Using JtaPlatform implementation: [org.hibernate.engine.transaction.jta.platform.internal.NoJtaPlatform]
[INFO ] 17:39:18.660 o.s.o.j.LocalContainerEntityManagerFactoryBean - Initialized JPA EntityManagerFactory for persistence unit 'default'
[WARN ] 17:39:19.387 o.s.b.a.o.j.JpaBaseConfiguration$JpaWebConfiguration - spring.jpa.open-in-view is enabled by default. Therefore, database queries may be performed during view rendering. Explicitly configure spring.jpa.open-in-view to disable this warning
[INFO ] 17:39:20.064 o.s.s.web.DefaultSecurityFilterChain - Will secure Ant [pattern='/h2-console/**'] with []
[INFO ] 17:39:20.573 o.s.s.web.DefaultSecurityFilterChain - Will secure any request with [org.springframework.security.web.context.request.async.WebAsyncManagerIntegrationFilter@5c3e7128, org.springframework.security.web.context.SecurityContextPersistenceFilter@57f6fc09, org.springframework.security.web.header.HeaderWriterFilter@669e730d, org.springframework.web.filter.CorsFilter@5ce03a9d, org.springframework.security.web.authentication.logout.LogoutFilter@5318731f, org.springframework.security.web.savedrequest.RequestCacheAwareFilter@30bfdcc5, org.springframework.security.web.servletapi.SecurityContextHolderAwareRequestFilter@5dc8448b, org.springframework.security.web.authentication.AnonymousAuthenticationFilter@10c67c1c, org.springframework.security.web.session.SessionManagementFilter@1a59500b, org.springframework.security.web.access.ExceptionTranslationFilter@1a67bde5, org.springframework.security.web.access.intercept.FilterSecurityInterceptor@118f39f3]
[INFO ] 17:39:20.823 o.a.coyote.http11.Http11NioProtocol - Starting ProtocolHandler ["http-nio-8081"]
[INFO ] 17:39:20.841 o.s.b.w.e.tomcat.TomcatWebServer - Tomcat started on port(s): 8081 (http) with context path ''
[INFO ] 17:39:20.842 c.u.j.c.RefreshScopeRefreshedEventListener - Refreshing cached encryptable property sources on ServletWebServerInitializedEvent
[INFO ] 17:39:20.842 c.u.j.c.CachingDelegateEncryptablePropertySource - Property Source systemProperties refreshed
[INFO ] 17:39:20.842 c.u.j.c.CachingDelegateEncryptablePropertySource - Property Source systemEnvironment refreshed
[INFO ] 17:39:20.843 c.u.j.c.CachingDelegateEncryptablePropertySource - Property Source random refreshed
[INFO ] 17:39:20.843 c.u.j.c.CachingDelegateEncryptablePropertySource - Property Source Config resource 'class path resource [application-real1.properties]' via location 'optional:classpath:/' refreshed
[INFO ] 17:39:20.843 c.u.j.c.CachingDelegateEncryptablePropertySource - Property Source Config resource 'class path resource [application.properties]' via location 'optional:classpath:/' refreshed
[INFO ] 17:39:20.843 c.u.j.EncryptablePropertySourceConverter - Converting PropertySource server.ports [org.springframework.core.env.MapPropertySource] to EncryptableMapPropertySourceWrapper
[INFO ] 17:39:20.843 c.u.j.EncryptablePropertySourceConverter - Skipping PropertySource configurationProperties [class org.springframework.boot.context.properties.source.ConfigurationPropertySourcesPropertySource
[INFO ] 17:39:20.843 c.u.j.EncryptablePropertySourceConverter - Skipping PropertySource servletConfigInitParams [class org.springframework.core.env.PropertySource$StubPropertySource
[INFO ] 17:39:20.843 c.u.j.EncryptablePropertySourceConverter - Converting PropertySource servletContextInitParams [org.springframework.web.context.support.ServletContextPropertySource] to EncryptableEnumerablePropertySourceWrapper
[INFO ] 17:39:20.850 c.s.scope.ScopeApplication - Started ScopeApplication in 7.551 seconds (JVM running for 8.587)
