[INFO ] 23:56:12.632 c.s.scope.ScopeApplication - Starting ScopeApplication using Java 11.0.12 on DESKTOP-KM861HJ with PID 13696 (C:\Users\9sanh\Documents\GitHub\Scope_BackEnd\build\classes\java\main started by 9sanh in C:\Users\9sanh\Documents\GitHub\Scope_BackEnd)
[INFO ] 23:56:12.634 c.s.scope.ScopeApplication - The following profiles are active: real1
[INFO ] 23:56:13.390 o.s.d.r.c.RepositoryConfigurationDelegate - Bootstrapping Spring Data JPA repositories in DEFAULT mode.
[INFO ] 23:56:13.471 o.s.d.r.c.RepositoryConfigurationDelegate - Finished Spring Data repository scanning in 75 ms. Found 7 JPA repository interfaces.
[INFO ] 23:56:13.682 c.u.j.c.EnableEncryptablePropertiesBeanFactoryPostProcessor - Post-processing PropertySource instances
[INFO ] 23:56:13.682 c.u.j.EncryptablePropertySourceConverter - Skipping PropertySource configurationProperties [class org.springframework.boot.context.properties.source.ConfigurationPropertySourcesPropertySource
[INFO ] 23:56:13.683 c.u.j.EncryptablePropertySourceConverter - Skipping PropertySource servletConfigInitParams [class org.springframework.core.env.PropertySource$StubPropertySource
[INFO ] 23:56:13.683 c.u.j.EncryptablePropertySourceConverter - Skipping PropertySource servletContextInitParams [class org.springframework.core.env.PropertySource$StubPropertySource
[INFO ] 23:56:13.684 c.u.j.EncryptablePropertySourceConverter - Converting PropertySource systemProperties [org.springframework.core.env.PropertiesPropertySource] to EncryptableMapPropertySourceWrapper
[INFO ] 23:56:13.684 c.u.j.EncryptablePropertySourceConverter - Converting PropertySource systemEnvironment [org.springframework.boot.env.SystemEnvironmentPropertySourceEnvironmentPostProcessor$OriginAwareSystemEnvironmentPropertySource] to EncryptableSystemEnvironmentPropertySourceWrapper
[INFO ] 23:56:13.685 c.u.j.EncryptablePropertySourceConverter - Converting PropertySource random [org.springframework.boot.env.RandomValuePropertySource] to EncryptablePropertySourceWrapper
[INFO ] 23:56:13.685 c.u.j.EncryptablePropertySourceConverter - Converting PropertySource Config resource 'class path resource [application-real1.properties]' via location 'optional:classpath:/' [org.springframework.boot.env.OriginTrackedMapPropertySource] to EncryptableMapPropertySourceWrapper
[INFO ] 23:56:13.685 c.u.j.EncryptablePropertySourceConverter - Converting PropertySource Config resource 'class path resource [application.properties]' via location 'optional:classpath:/' [org.springframework.boot.env.OriginTrackedMapPropertySource] to EncryptableMapPropertySourceWrapper
[INFO ] 23:56:13.843 o.s.c.s.PostProcessorRegistrationDelegate$BeanPostProcessorChecker - Bean 'org.springframework.security.access.expression.method.DefaultMethodSecurityExpressionHandler@3069a360' of type [org.springframework.security.access.expression.method.DefaultMethodSecurityExpressionHandler] is not eligible for getting processed by all BeanPostProcessors (for example: not eligible for auto-proxying)
[INFO ] 23:56:13.849 o.s.c.s.PostProcessorRegistrationDelegate$BeanPostProcessorChecker - Bean 'methodSecurityMetadataSource' of type [org.springframework.security.access.method.DelegatingMethodSecurityMetadataSource] is not eligible for getting processed by all BeanPostProcessors (for example: not eligible for auto-proxying)
[INFO ] 23:56:13.923 c.u.j.f.DefaultLazyPropertyFilter - Property Filter custom Bean not found with name 'encryptablePropertyFilter'. Initializing Default Property Filter
[INFO ] 23:56:13.931 c.u.j.r.DefaultLazyPropertyResolver - Property Resolver custom Bean not found with name 'encryptablePropertyResolver'. Initializing Default Property Resolver
[INFO ] 23:56:13.932 c.u.j.d.DefaultLazyPropertyDetector - Property Detector custom Bean not found with name 'encryptablePropertyDetector'. Initializing Default Property Detector
[INFO ] 23:56:14.098 o.s.b.w.e.tomcat.TomcatWebServer - Tomcat initialized with port(s): 8081 (http)
[INFO ] 23:56:14.108 o.a.coyote.http11.Http11NioProtocol - Initializing ProtocolHandler ["http-nio-8081"]
[INFO ] 23:56:14.109 o.a.catalina.core.StandardService - Starting service [Tomcat]
[INFO ] 23:56:14.109 o.a.catalina.core.StandardEngine - Starting Servlet engine: [Apache Tomcat/9.0.54]
[INFO ] 23:56:14.217 o.a.c.c.C.[Tomcat].[localhost].[/] - Initializing Spring embedded WebApplicationContext
[INFO ] 23:56:14.217 o.s.b.w.s.c.ServletWebServerApplicationContext - Root WebApplicationContext: initialization completed in 1542 ms
[INFO ] 23:56:14.288 c.u.j.encryptor.DefaultLazyEncryptor - Found Custom Encryptor Bean org.jasypt.encryption.pbe.PooledPBEStringEncryptor@486e9d1d with name: jasyptStringEncryptor
[INFO ] 23:56:14.449 o.h.jpa.internal.util.LogHelper - HHH000204: Processing PersistenceUnitInfo [name: default]
[INFO ] 23:56:14.498 org.hibernate.Version - HHH000412: Hibernate ORM core version 5.4.32.Final
[INFO ] 23:56:14.623 o.h.annotations.common.Version - HCANN000001: Hibernate Commons Annotations {5.1.2.Final}
[INFO ] 23:56:14.716 com.zaxxer.hikari.HikariDataSource - HikariPool-1 - Starting...
[INFO ] 23:56:15.064 com.zaxxer.hikari.HikariDataSource - HikariPool-1 - Start completed.
[INFO ] 23:56:15.082 org.hibernate.dialect.Dialect - HHH000400: Using dialect: org.hibernate.dialect.MySQL8Dialect
[INFO ] 23:56:16.080 o.h.e.t.j.p.i.JtaPlatformInitiator - HHH000490: Using JtaPlatform implementation: [org.hibernate.engine.transaction.jta.platform.internal.NoJtaPlatform]
[INFO ] 23:56:16.088 o.s.o.j.LocalContainerEntityManagerFactoryBean - Initialized JPA EntityManagerFactory for persistence unit 'default'
[WARN ] 23:56:16.543 o.s.b.a.o.j.JpaBaseConfiguration$JpaWebConfiguration - spring.jpa.open-in-view is enabled by default. Therefore, database queries may be performed during view rendering. Explicitly configure spring.jpa.open-in-view to disable this warning
[INFO ] 23:56:17.084 o.s.s.web.DefaultSecurityFilterChain - Will secure Ant [pattern='/h2-console/**'] with []
[INFO ] 23:56:17.423 o.s.s.web.DefaultSecurityFilterChain - Will secure any request with [org.springframework.security.web.context.request.async.WebAsyncManagerIntegrationFilter@1eda853f, org.springframework.security.web.context.SecurityContextPersistenceFilter@4fb42efa, org.springframework.security.web.header.HeaderWriterFilter@70fe33fa, org.springframework.web.filter.CorsFilter@3f0751b0, org.springframework.security.web.authentication.logout.LogoutFilter@237824b0, org.springframework.security.web.savedrequest.RequestCacheAwareFilter@207f7baa, org.springframework.security.web.servletapi.SecurityContextHolderAwareRequestFilter@19b4dd60, org.springframework.security.web.authentication.AnonymousAuthenticationFilter@3984e2b3, org.springframework.security.web.session.SessionManagementFilter@2b69ff13, org.springframework.security.web.access.ExceptionTranslationFilter@1ced1d14, org.springframework.security.web.access.intercept.FilterSecurityInterceptor@1e9afe4e]
[INFO ] 23:56:17.709 o.a.coyote.http11.Http11NioProtocol - Starting ProtocolHandler ["http-nio-8081"]
[INFO ] 23:56:17.727 o.s.b.w.e.tomcat.TomcatWebServer - Tomcat started on port(s): 8081 (http) with context path ''
[INFO ] 23:56:17.729 c.u.j.c.RefreshScopeRefreshedEventListener - Refreshing cached encryptable property sources on ServletWebServerInitializedEvent
[INFO ] 23:56:17.729 c.u.j.c.CachingDelegateEncryptablePropertySource - Property Source systemProperties refreshed
[INFO ] 23:56:17.729 c.u.j.c.CachingDelegateEncryptablePropertySource - Property Source systemEnvironment refreshed
[INFO ] 23:56:17.729 c.u.j.c.CachingDelegateEncryptablePropertySource - Property Source random refreshed
[INFO ] 23:56:17.729 c.u.j.c.CachingDelegateEncryptablePropertySource - Property Source Config resource 'class path resource [application-real1.properties]' via location 'optional:classpath:/' refreshed
[INFO ] 23:56:17.730 c.u.j.c.CachingDelegateEncryptablePropertySource - Property Source Config resource 'class path resource [application.properties]' via location 'optional:classpath:/' refreshed
[INFO ] 23:56:17.730 c.u.j.EncryptablePropertySourceConverter - Converting PropertySource server.ports [org.springframework.core.env.MapPropertySource] to EncryptableMapPropertySourceWrapper
[INFO ] 23:56:17.730 c.u.j.EncryptablePropertySourceConverter - Skipping PropertySource configurationProperties [class org.springframework.boot.context.properties.source.ConfigurationPropertySourcesPropertySource
[INFO ] 23:56:17.730 c.u.j.EncryptablePropertySourceConverter - Skipping PropertySource servletConfigInitParams [class org.springframework.core.env.PropertySource$StubPropertySource
[INFO ] 23:56:17.731 c.u.j.EncryptablePropertySourceConverter - Converting PropertySource servletContextInitParams [org.springframework.web.context.support.ServletContextPropertySource] to EncryptableEnumerablePropertySourceWrapper
[INFO ] 23:56:17.739 c.s.scope.ScopeApplication - Started ScopeApplication in 5.604 seconds (JVM running for 6.901)
[INFO ] 23:57:46.736 o.a.c.c.C.[Tomcat].[localhost].[/] - Initializing Spring DispatcherServlet 'dispatcherServlet'
[INFO ] 23:57:46.737 o.s.web.servlet.DispatcherServlet - Initializing Servlet 'dispatcherServlet'
[INFO ] 23:57:46.738 o.s.web.servlet.DispatcherServlet - Completed initialization in 1 ms
[INFO ] 23:57:46.776 c.s.s.s.JwtAuthenticationFilter - ====================token=================
[INFO ] 23:57:46.777 c.s.s.s.JwtAuthenticationFilter - [83f3748e-3857-41c4-a7be-679df76e008d] token=null
[INFO ] 23:57:46.777 c.s.s.s.JwtAuthenticationFilter - ====================token=================
[INFO ] 23:57:46.810 c.s.s.s.JwtAuthenticationFilter - ====================token=================
[INFO ] 23:57:46.810 c.s.s.s.JwtAuthenticationFilter - [bef3737a-bbb9-4e61-85fa-279fc4430213] token=null
[INFO ] 23:57:46.811 c.s.s.s.JwtAuthenticationFilter - ====================token=================
[INFO ] 23:57:46.813 c.s.s.s.JwtAuthenticationFilter - ====================token=================
[INFO ] 23:57:46.813 c.s.s.s.JwtAuthenticationFilter - [fa6a5222-5528-42bd-afa1-c4e332aa5931] token=null
[INFO ] 23:57:46.813 c.s.s.s.JwtAuthenticationFilter - ====================token=================
[INFO ] 23:57:46.819 c.s.s.s.JwtAuthenticationFilter - ====================token=================
[INFO ] 23:57:46.819 c.s.s.s.JwtAuthenticationFilter - [904ad76e-cc11-4a68-b858-1ded0c7261ce] token=null
[INFO ] 23:57:46.819 c.s.s.s.JwtAuthenticationFilter - ====================token=================
[INFO ] 23:57:46.972 c.s.s.s.JwtAuthenticationFilter - ====================token=================
[INFO ] 23:57:46.972 c.s.s.s.JwtAuthenticationFilter - [0ad424f8-97df-43a4-b3a9-b2d757e3c6fa] token=null
[INFO ] 23:57:46.972 c.s.s.s.JwtAuthenticationFilter - ====================token=================
[INFO ] 23:57:46.975 c.s.s.s.JwtAuthenticationFilter - ====================token=================
[INFO ] 23:57:46.975 c.s.s.s.JwtAuthenticationFilter - [e49f93ff-202e-4b6e-9c19-e37a8444b284] token=null
[INFO ] 23:57:46.975 c.s.s.s.JwtAuthenticationFilter - ====================token=================
[INFO ] 23:57:47.302 o.s.api.AbstractOpenApiResource - Init duration for springdoc-openapi is: 299 ms
[INFO ] 23:57:47.329 c.s.s.s.JwtAuthenticationFilter - ====================token=================
[INFO ] 23:57:47.330 c.s.s.s.JwtAuthenticationFilter - [cbbc3f27-6952-44dc-b7b2-f493c4cd4d93] token=null
[INFO ] 23:57:47.330 c.s.s.s.JwtAuthenticationFilter - ====================token=================
[INFO ] 23:57:47.338 c.s.s.s.JwtAuthenticationFilter - ====================token=================
[INFO ] 23:57:47.338 c.s.s.s.JwtAuthenticationFilter - [c7c72b95-30f8-4390-9e73-c05cad590931] token=null
[INFO ] 23:57:47.338 c.s.s.s.JwtAuthenticationFilter - ====================token=================
